This is pdfTeX, Version 3.1415926-2.5-1.40.14 (TeX Live 2013/Debian) (format=pdflatex 2014.5.19)  24 JUN 2014 18:35
entering extended mode
 restricted \write18 enabled.
 %&-line parsing enabled.
**refman.tex
(./refman.tex
LaTeX2e <2011/06/27>
Babel <3.9h> and hyphenation patterns for 11 languages loaded.
(/usr/share/texlive/texmf-dist/tex/latex/base/book.cls
Document Class: book 2007/10/19 v1.4h Standard LaTeX document class
(/usr/share/texlive/texmf-dist/tex/latex/base/bk10.clo
File: bk10.clo 2007/10/19 v1.4h Standard LaTeX file (size option)
)
\c@part=\count79
\c@chapter=\count80
\c@section=\count81
\c@subsection=\count82
\c@subsubsection=\count83
\c@paragraph=\count84
\c@subparagraph=\count85
\c@figure=\count86
\c@table=\count87
\abovecaptionskip=\skip41
\belowcaptionskip=\skip42
\bibindent=\dimen102
)
(/usr/share/texlive/texmf-dist/tex/latex/tools/calc.sty
Package: calc 2007/08/22 v4.3 Infix arithmetic (KKT,FJ)
\calc@Acount=\count88
\calc@Bcount=\count89
\calc@Adimen=\dimen103
\calc@Bdimen=\dimen104
\calc@Askip=\skip43
\calc@Bskip=\skip44
LaTeX Info: Redefining \setlength on input line 76.
LaTeX Info: Redefining \addtolength on input line 77.
\calc@Ccount=\count90
\calc@Cskip=\skip45
) (./doxygen.sty
Package: doxygen 

(/usr/share/texlive/texmf-dist/tex/latex/base/alltt.sty
Package: alltt 1997/06/16 v2.0g defines alltt environment
)
(/usr/share/texlive/texmf-dist/tex/latex/tools/array.sty
Package: array 2008/09/09 v2.4c Tabular extension package (FMi)
\col@sep=\dimen105
\extrarowheight=\dimen106
\NC@list=\toks14
\extratabsurround=\skip46
\backup@length=\skip47
)
(/usr/share/texlive/texmf-dist/tex/latex/float/float.sty
Package: float 2001/11/08 v1.3d Float enhancements (AL)
\c@float@type=\count91
\float@exts=\toks15
\float@box=\box26
\@float@everytoks=\toks16
\@floatcapt=\box27
)
(/usr/share/texlive/texmf-dist/tex/latex/base/ifthen.sty
Package: ifthen 2001/05/26 v1.1c Standard LaTeX ifthen package (DPC)
)
(/usr/share/texlive/texmf-dist/tex/latex/tools/verbatim.sty
Package: verbatim 2003/08/22 v1.5q LaTeX2e package for verbatim enhancements
\every@verbatim=\toks17
\verbatim@line=\toks18
\verbatim@in@stream=\read1
)
(/usr/share/texmf/tex/latex/xcolor/xcolor.sty
Package: xcolor 2007/01/21 v2.11 LaTeX color extensions (UK)

(/usr/share/texlive/texmf-dist/tex/latex/latexconfig/color.cfg
File: color.cfg 2007/01/18 v1.5 color configuration of teTeX/TeXLive
)
Package xcolor Info: Driver file: pdftex.def on input line 225.

(/usr/share/texlive/texmf-dist/tex/latex/pdftex-def/pdftex.def
File: pdftex.def 2011/05/27 v0.06d Graphics/color for pdfTeX

(/usr/share/texlive/texmf-dist/tex/generic/oberdiek/infwarerr.sty
Package: infwarerr 2010/04/08 v1.3 Providing info/warning/error messages (HO)
)
(/usr/share/texlive/texmf-dist/tex/generic/oberdiek/ltxcmds.sty
Package: ltxcmds 2011/11/09 v1.22 LaTeX kernel commands for general use (HO)
)
\Gread@gobject=\count92
)
(/usr/share/texlive/texmf-dist/tex/latex/colortbl/colortbl.sty
Package: colortbl 2012/02/13 v1.0a Color table columns (DPC)
\everycr=\toks19
\minrowclearance=\skip48
)
\rownum=\count93
Package xcolor Info: Model `cmy' substituted by `cmy0' on input line 1337.
Package xcolor Info: Model `hsb' substituted by `rgb' on input line 1341.
Package xcolor Info: Model `RGB' extended on input line 1353.
Package xcolor Info: Model `HTML' substituted by `rgb' on input line 1355.
Package xcolor Info: Model `Hsb' substituted by `hsb' on input line 1356.
Package xcolor Info: Model `tHsb' substituted by `hsb' on input line 1357.
Package xcolor Info: Model `HSB' substituted by `hsb' on input line 1358.
Package xcolor Info: Model `Gray' substituted by `gray' on input line 1359.
Package xcolor Info: Model `wave' substituted by `hsb' on input line 1360.
)
(/usr/share/texlive/texmf-dist/tex/latex/xtab/xtab.sty
Package: xtab 2011/07/31 v2.3f Extended supertabular package
\c@tracingst=\count94
\PWSTcapht=\dimen107
\ST@wd=\dimen108
\ST@rightskip=\skip49
\ST@leftskip=\skip50
\ST@parfillskip=\skip51
\c@PWSTtable=\count95
\PWSTlastpage=\count96
\PWSTpenultimate=\count97
\PWSTcurpage=\count98
\PWSTtempc=\count99
\PWSTlines=\count100
\PWST@lastht=\dimen109
\PWST@generalht=\dimen110
\PWST@ht=\dimen111
\ST@pageleft=\dimen112
\ST@headht=\dimen113
\ST@tailht=\dimen114
\ST@pagesofar=\dimen115
\ST@pboxht=\dimen116
\ST@lineht=\dimen117
\ST@stretchht=\dimen118
\ST@prevht=\dimen119
\ST@toadd=\dimen120
\ST@dimen=\dimen121
\ST@pbox=\box28
)
\xrefbox=\box29
\xreflength=\skip52
\tmplength=\skip53
)
(/usr/share/texlive/texmf-dist/tex/latex/graphics/graphicx.sty
Package: graphicx 1999/02/16 v1.0f Enhanced LaTeX Graphics (DPC,SPQR)

(/usr/share/texlive/texmf-dist/tex/latex/graphics/keyval.sty
Package: keyval 1999/03/16 v1.13 key=value parser (DPC)
\KV@toks@=\toks20
)
(/usr/share/texlive/texmf-dist/tex/latex/graphics/graphics.sty
Package: graphics 2009/02/05 v1.0o Standard LaTeX Graphics (DPC,SPQR)

(/usr/share/texlive/texmf-dist/tex/latex/graphics/trig.sty
Package: trig 1999/03/16 v1.09 sin cos tan (DPC)
)
(/usr/share/texlive/texmf-dist/tex/latex/latexconfig/graphics.cfg
File: graphics.cfg 2010/04/23 v1.9 graphics configuration of TeX Live
)
Package graphics Info: Driver file: pdftex.def on input line 91.
)
\Gin@req@height=\dimen122
\Gin@req@width=\dimen123
)
(/usr/share/texlive/texmf-dist/tex/latex/base/inputenc.sty
Package: inputenc 2008/03/30 v1.1d Input encoding file
\inpenc@prehook=\toks21
\inpenc@posthook=\toks22

(/usr/share/texlive/texmf-dist/tex/latex/base/utf8.def
File: utf8.def 2008/04/05 v1.1m UTF-8 support for inputenc
Now handling font encoding OML ...
... no UTF-8 mapping file for font encoding OML
Now handling font encoding T1 ...
... processing UTF-8 mapping file for font encoding T1

(/usr/share/texlive/texmf-dist/tex/latex/base/t1enc.dfu
File: t1enc.dfu 2008/04/05 v1.1m UTF-8 support for inputenc
   defining Unicode char U+00A1 (decimal 161)
   defining Unicode char U+00A3 (decimal 163)
   defining Unicode char U+00AB (decimal 171)
   defining Unicode char U+00BB (decimal 187)
   defining Unicode char U+00BF (decimal 191)
   defining Unicode char U+00C0 (decimal 192)
   defining Unicode char U+00C1 (decimal 193)
   defining Unicode char U+00C2 (decimal 194)
   defining Unicode char U+00C3 (decimal 195)
   defining Unicode char U+00C4 (decimal 196)
   defining Unicode char U+00C5 (decimal 197)
   defining Unicode char U+00C6 (decimal 198)
   defining Unicode char U+00C7 (decimal 199)
   defining Unicode char U+00C8 (decimal 200)
   defining Unicode char U+00C9 (decimal 201)
   defining Unicode char U+00CA (decimal 202)
   defining Unicode char U+00CB (decimal 203)
   defining Unicode char U+00CC (decimal 204)
   defining Unicode char U+00CD (decimal 205)
   defining Unicode char U+00CE (decimal 206)
   defining Unicode char U+00CF (decimal 207)
   defining Unicode char U+00D0 (decimal 208)
   defining Unicode char U+00D1 (decimal 209)
   defining Unicode char U+00D2 (decimal 210)
   defining Unicode char U+00D3 (decimal 211)
   defining Unicode char U+00D4 (decimal 212)
   defining Unicode char U+00D5 (decimal 213)
   defining Unicode char U+00D6 (decimal 214)
   defining Unicode char U+00D8 (decimal 216)
   defining Unicode char U+00D9 (decimal 217)
   defining Unicode char U+00DA (decimal 218)
   defining Unicode char U+00DB (decimal 219)
   defining Unicode char U+00DC (decimal 220)
   defining Unicode char U+00DD (decimal 221)
   defining Unicode char U+00DE (decimal 222)
   defining Unicode char U+00DF (decimal 223)
   defining Unicode char U+00E0 (decimal 224)
   defining Unicode char U+00E1 (decimal 225)
   defining Unicode char U+00E2 (decimal 226)
   defining Unicode char U+00E3 (decimal 227)
   defining Unicode char U+00E4 (decimal 228)
   defining Unicode char U+00E5 (decimal 229)
   defining Unicode char U+00E6 (decimal 230)
   defining Unicode char U+00E7 (decimal 231)
   defining Unicode char U+00E8 (decimal 232)
   defining Unicode char U+00E9 (decimal 233)
   defining Unicode char U+00EA (decimal 234)
   defining Unicode char U+00EB (decimal 235)
   defining Unicode char U+00EC (decimal 236)
   defining Unicode char U+00ED (decimal 237)
   defining Unicode char U+00EE (decimal 238)
   defining Unicode char U+00EF (decimal 239)
   defining Unicode char U+00F0 (decimal 240)
   defining Unicode char U+00F1 (decimal 241)
   defining Unicode char U+00F2 (decimal 242)
   defining Unicode char U+00F3 (decimal 243)
   defining Unicode char U+00F4 (decimal 244)
   defining Unicode char U+00F5 (decimal 245)
   defining Unicode char U+00F6 (decimal 246)
   defining Unicode char U+00F8 (decimal 248)
   defining Unicode char U+00F9 (decimal 249)
   defining Unicode char U+00FA (decimal 250)
   defining Unicode char U+00FB (decimal 251)
   defining Unicode char U+00FC (decimal 252)
   defining Unicode char U+00FD (decimal 253)
   defining Unicode char U+00FE (decimal 254)
   defining Unicode char U+00FF (decimal 255)
   defining Unicode char U+0102 (decimal 258)
   defining Unicode char U+0103 (decimal 259)
   defining Unicode char U+0104 (decimal 260)
   defining Unicode char U+0105 (decimal 261)
   defining Unicode char U+0106 (decimal 262)
   defining Unicode char U+0107 (decimal 263)
   defining Unicode char U+010C (decimal 268)
   defining Unicode char U+010D (decimal 269)
   defining Unicode char U+010E (decimal 270)
   defining Unicode char U+010F (decimal 271)
   defining Unicode char U+0110 (decimal 272)
   defining Unicode char U+0111 (decimal 273)
   defining Unicode char U+0118 (decimal 280)
   defining Unicode char U+0119 (decimal 281)
   defining Unicode char U+011A (decimal 282)
   defining Unicode char U+011B (decimal 283)
   defining Unicode char U+011E (decimal 286)
   defining Unicode char U+011F (decimal 287)
   defining Unicode char U+0130 (decimal 304)
   defining Unicode char U+0131 (decimal 305)
   defining Unicode char U+0132 (decimal 306)
   defining Unicode char U+0133 (decimal 307)
   defining Unicode char U+0139 (decimal 313)
   defining Unicode char U+013A (decimal 314)
   defining Unicode char U+013D (decimal 317)
   defining Unicode char U+013E (decimal 318)
   defining Unicode char U+0141 (decimal 321)
   defining Unicode char U+0142 (decimal 322)
   defining Unicode char U+0143 (decimal 323)
   defining Unicode char U+0144 (decimal 324)
   defining Unicode char U+0147 (decimal 327)
   defining Unicode char U+0148 (decimal 328)
   defining Unicode char U+014A (decimal 330)
   defining Unicode char U+014B (decimal 331)
   defining Unicode char U+0150 (decimal 336)
   defining Unicode char U+0151 (decimal 337)
   defining Unicode char U+0152 (decimal 338)
   defining Unicode char U+0153 (decimal 339)
   defining Unicode char U+0154 (decimal 340)
   defining Unicode char U+0155 (decimal 341)
   defining Unicode char U+0158 (decimal 344)
   defining Unicode char U+0159 (decimal 345)
   defining Unicode char U+015A (decimal 346)
   defining Unicode char U+015B (decimal 347)
   defining Unicode char U+015E (decimal 350)
   defining Unicode char U+015F (decimal 351)
   defining Unicode char U+0160 (decimal 352)
   defining Unicode char U+0161 (decimal 353)
   defining Unicode char U+0162 (decimal 354)
   defining Unicode char U+0163 (decimal 355)
   defining Unicode char U+0164 (decimal 356)
   defining Unicode char U+0165 (decimal 357)
   defining Unicode char U+016E (decimal 366)
   defining Unicode char U+016F (decimal 367)
   defining Unicode char U+0170 (decimal 368)
   defining Unicode char U+0171 (decimal 369)
   defining Unicode char U+0178 (decimal 376)
   defining Unicode char U+0179 (decimal 377)
   defining Unicode char U+017A (decimal 378)
   defining Unicode char U+017B (decimal 379)
   defining Unicode char U+017C (decimal 380)
   defining Unicode char U+017D (decimal 381)
   defining Unicode char U+017E (decimal 382)
   defining Unicode char U+200C (decimal 8204)
   defining Unicode char U+2013 (decimal 8211)
   defining Unicode char U+2014 (decimal 8212)
   defining Unicode char U+2018 (decimal 8216)
   defining Unicode char U+2019 (decimal 8217)
   defining Unicode char U+201A (decimal 8218)
   defining Unicode char U+201C (decimal 8220)
   defining Unicode char U+201D (decimal 8221)
   defining Unicode char U+201E (decimal 8222)
   defining Unicode char U+2030 (decimal 8240)
   defining Unicode char U+2031 (decimal 8241)
   defining Unicode char U+2039 (decimal 8249)
   defining Unicode char U+203A (decimal 8250)
   defining Unicode char U+2423 (decimal 9251)
)
Now handling font encoding OT1 ...
... processing UTF-8 mapping file for font encoding OT1

(/usr/share/texlive/texmf-dist/tex/latex/base/ot1enc.dfu
File: ot1enc.dfu 2008/04/05 v1.1m UTF-8 support for inputenc
   defining Unicode char U+00A1 (decimal 161)
   defining Unicode char U+00A3 (decimal 163)
   defining Unicode char U+00B8 (decimal 184)
   defining Unicode char U+00BF (decimal 191)
   defining Unicode char U+00C5 (decimal 197)
   defining Unicode char U+00C6 (decimal 198)
   defining Unicode char U+00D8 (decimal 216)
   defining Unicode char U+00DF (decimal 223)
   defining Unicode char U+00E6 (decimal 230)
   defining Unicode char U+00EC (decimal 236)
   defining Unicode char U+00ED (decimal 237)
   defining Unicode char U+00EE (decimal 238)
   defining Unicode char U+00EF (decimal 239)
   defining Unicode char U+00F8 (decimal 248)
   defining Unicode char U+0131 (decimal 305)
   defining Unicode char U+0141 (decimal 321)
   defining Unicode char U+0142 (decimal 322)
   defining Unicode char U+0152 (decimal 338)
   defining Unicode char U+0153 (decimal 339)
   defining Unicode char U+2013 (decimal 8211)
   defining Unicode char U+2014 (decimal 8212)
   defining Unicode char U+2018 (decimal 8216)
   defining Unicode char U+2019 (decimal 8217)
   defining Unicode char U+201C (decimal 8220)
   defining Unicode char U+201D (decimal 8221)
)
Now handling font encoding OMS ...
... processing UTF-8 mapping file for font encoding OMS

(/usr/share/texlive/texmf-dist/tex/latex/base/omsenc.dfu
File: omsenc.dfu 2008/04/05 v1.1m UTF-8 support for inputenc
   defining Unicode char U+00A7 (decimal 167)
   defining Unicode char U+00B6 (decimal 182)
   defining Unicode char U+00B7 (decimal 183)
   defining Unicode char U+2020 (decimal 8224)
   defining Unicode char U+2021 (decimal 8225)
   defining Unicode char U+2022 (decimal 8226)
)
Now handling font encoding OMX ...
... no UTF-8 mapping file for font encoding OMX
Now handling font encoding U ...
... no UTF-8 mapping file for font encoding U
   defining Unicode char U+00A9 (decimal 169)
   defining Unicode char U+00AA (decimal 170)
   defining Unicode char U+00AE (decimal 174)
   defining Unicode char U+00BA (decimal 186)
   defining Unicode char U+02C6 (decimal 710)
   defining Unicode char U+02DC (decimal 732)
   defining Unicode char U+200C (decimal 8204)
   defining Unicode char U+2026 (decimal 8230)
   defining Unicode char U+2122 (decimal 8482)
   defining Unicode char U+2423 (decimal 9251)
))
(/usr/share/texlive/texmf-dist/tex/latex/base/makeidx.sty
Package: makeidx 2000/03/29 v1.0m Standard LaTeX package
)
(/usr/share/texlive/texmf-dist/tex/latex/tools/multicol.sty
Package: multicol 2011/06/27 v1.7a multicolumn formatting (FMi)
\c@tracingmulticols=\count101
\mult@box=\box30
\multicol@leftmargin=\dimen124
\c@unbalance=\count102
\c@collectmore=\count103
\doublecol@number=\count104
\multicoltolerance=\count105
\multicolpretolerance=\count106
\full@width=\dimen125
\page@free=\dimen126
\premulticols=\dimen127
\postmulticols=\dimen128
\multicolsep=\skip54
\multicolbaselineskip=\skip55
\partial@page=\box31
\last@line=\box32
\mult@rightbox=\box33
\mult@grightbox=\box34
\mult@gfirstbox=\box35
\mult@firstbox=\box36
\@tempa=\box37
\@tempa=\box38
\@tempa=\box39
\@tempa=\box40
\@tempa=\box41
\@tempa=\box42
\@tempa=\box43
\@tempa=\box44
\@tempa=\box45
\@tempa=\box46
\@tempa=\box47
\@tempa=\box48
\@tempa=\box49
\@tempa=\box50
\@tempa=\box51
\@tempa=\box52
\@tempa=\box53
\c@columnbadness=\count107
\c@finalcolumnbadness=\count108
\last@try=\dimen129
\multicolovershoot=\dimen130
\multicolundershoot=\dimen131
\mult@nat@firstbox=\box54
\colbreak@box=\box55
\multicol@sort@counter=\count109
)
(/usr/share/texlive/texmf-dist/tex/latex/multirow/multirow.sty
\bigstrutjot=\dimen132
)
(/usr/share/texlive/texmf-dist/tex/latex/base/textcomp.sty
Package: textcomp 2005/09/27 v1.99g Standard LaTeX package
Package textcomp Info: Sub-encoding information:
(textcomp)               5 = only ISO-Adobe without \textcurrency
(textcomp)               4 = 5 + \texteuro
(textcomp)               3 = 4 + \textohm
(textcomp)               2 = 3 + \textestimated + \textcurrency
(textcomp)               1 = TS1 - \textcircled - \t
(textcomp)               0 = TS1 (full)
(textcomp)             Font families with sub-encoding setting implement
(textcomp)             only a restricted character set as indicated.
(textcomp)             Family '?' is the default used for unknown fonts.
(textcomp)             See the documentation for details.
Package textcomp Info: Setting ? sub-encoding to TS1/1 on input line 71.

(/usr/share/texlive/texmf-dist/tex/latex/base/ts1enc.def
File: ts1enc.def 2001/06/05 v3.0e (jk/car/fm) Standard LaTeX file
Now handling font encoding TS1 ...
... processing UTF-8 mapping file for font encoding TS1

(/usr/share/texlive/texmf-dist/tex/latex/base/ts1enc.dfu
File: ts1enc.dfu 2008/04/05 v1.1m UTF-8 support for inputenc
   defining Unicode char U+00A2 (decimal 162)
   defining Unicode char U+00A3 (decimal 163)
   defining Unicode char U+00A4 (decimal 164)
   defining Unicode char U+00A5 (decimal 165)
   defining Unicode char U+00A6 (decimal 166)
   defining Unicode char U+00A7 (decimal 167)
   defining Unicode char U+00A8 (decimal 168)
   defining Unicode char U+00A9 (decimal 169)
   defining Unicode char U+00AA (decimal 170)
   defining Unicode char U+00AC (decimal 172)
   defining Unicode char U+00AE (decimal 174)
   defining Unicode char U+00AF (decimal 175)
   defining Unicode char U+00B0 (decimal 176)
   defining Unicode char U+00B1 (decimal 177)
   defining Unicode char U+00B2 (decimal 178)
   defining Unicode char U+00B3 (decimal 179)
   defining Unicode char U+00B4 (decimal 180)
   defining Unicode char U+00B5 (decimal 181)
   defining Unicode char U+00B6 (decimal 182)
   defining Unicode char U+00B7 (decimal 183)
   defining Unicode char U+00B9 (decimal 185)
   defining Unicode char U+00BA (decimal 186)
   defining Unicode char U+00BC (decimal 188)
   defining Unicode char U+00BD (decimal 189)
   defining Unicode char U+00BE (decimal 190)
   defining Unicode char U+00D7 (decimal 215)
   defining Unicode char U+00F7 (decimal 247)
   defining Unicode char U+0192 (decimal 402)
   defining Unicode char U+02C7 (decimal 711)
   defining Unicode char U+02D8 (decimal 728)
   defining Unicode char U+02DD (decimal 733)
   defining Unicode char U+0E3F (decimal 3647)
   defining Unicode char U+2016 (decimal 8214)
   defining Unicode char U+2020 (decimal 8224)
   defining Unicode char U+2021 (decimal 8225)
   defining Unicode char U+2022 (decimal 8226)
   defining Unicode char U+2030 (decimal 8240)
   defining Unicode char U+2031 (decimal 8241)
   defining Unicode char U+203B (decimal 8251)
   defining Unicode char U+203D (decimal 8253)
   defining Unicode char U+2044 (decimal 8260)
   defining Unicode char U+204E (decimal 8270)
   defining Unicode char U+2052 (decimal 8274)
   defining Unicode char U+20A1 (decimal 8353)
   defining Unicode char U+20A4 (decimal 8356)
   defining Unicode char U+20A6 (decimal 8358)
   defining Unicode char U+20A9 (decimal 8361)
   defining Unicode char U+20AB (decimal 8363)
   defining Unicode char U+20AC (decimal 8364)
   defining Unicode char U+20B1 (decimal 8369)
   defining Unicode char U+2103 (decimal 8451)
   defining Unicode char U+2116 (decimal 8470)
   defining Unicode char U+2117 (decimal 8471)
   defining Unicode char U+211E (decimal 8478)
   defining Unicode char U+2120 (decimal 8480)
   defining Unicode char U+2122 (decimal 8482)
   defining Unicode char U+2126 (decimal 8486)
   defining Unicode char U+2127 (decimal 8487)
   defining Unicode char U+212E (decimal 8494)
   defining Unicode char U+2190 (decimal 8592)
   defining Unicode char U+2191 (decimal 8593)
   defining Unicode char U+2192 (decimal 8594)
   defining Unicode char U+2193 (decimal 8595)
   defining Unicode char U+2329 (decimal 9001)
   defining Unicode char U+232A (decimal 9002)
   defining Unicode char U+2422 (decimal 9250)
   defining Unicode char U+25E6 (decimal 9702)
   defining Unicode char U+25EF (decimal 9711)
   defining Unicode char U+266A (decimal 9834)
))
LaTeX Info: Redefining \oldstylenums on input line 266.
Package textcomp Info: Setting cmr sub-encoding to TS1/0 on input line 281.
Package textcomp Info: Setting cmss sub-encoding to TS1/0 on input line 282.
Package textcomp Info: Setting cmtt sub-encoding to TS1/0 on input line 283.
Package textcomp Info: Setting cmvtt sub-encoding to TS1/0 on input line 284.
Package textcomp Info: Setting cmbr sub-encoding to TS1/0 on input line 285.
Package textcomp Info: Setting cmtl sub-encoding to TS1/0 on input line 286.
Package textcomp Info: Setting ccr sub-encoding to TS1/0 on input line 287.
Package textcomp Info: Setting ptm sub-encoding to TS1/4 on input line 288.
Package textcomp Info: Setting pcr sub-encoding to TS1/4 on input line 289.
Package textcomp Info: Setting phv sub-encoding to TS1/4 on input line 290.
Package textcomp Info: Setting ppl sub-encoding to TS1/3 on input line 291.
Package textcomp Info: Setting pag sub-encoding to TS1/4 on input line 292.
Package textcomp Info: Setting pbk sub-encoding to TS1/4 on input line 293.
Package textcomp Info: Setting pnc sub-encoding to TS1/4 on input line 294.
Package textcomp Info: Setting pzc sub-encoding to TS1/4 on input line 295.
Package textcomp Info: Setting bch sub-encoding to TS1/4 on input line 296.
Package textcomp Info: Setting put sub-encoding to TS1/5 on input line 297.
Package textcomp Info: Setting uag sub-encoding to TS1/5 on input line 298.
Package textcomp Info: Setting ugq sub-encoding to TS1/5 on input line 299.
Package textcomp Info: Setting ul8 sub-encoding to TS1/4 on input line 300.
Package textcomp Info: Setting ul9 sub-encoding to TS1/4 on input line 301.
Package textcomp Info: Setting augie sub-encoding to TS1/5 on input line 302.
Package textcomp Info: Setting dayrom sub-encoding to TS1/3 on input line 303.
Package textcomp Info: Setting dayroms sub-encoding to TS1/3 on input line 304.

Package textcomp Info: Setting pxr sub-encoding to TS1/0 on input line 305.
Package textcomp Info: Setting pxss sub-encoding to TS1/0 on input line 306.
Package textcomp Info: Setting pxtt sub-encoding to TS1/0 on input line 307.
Package textcomp Info: Setting txr sub-encoding to TS1/0 on input line 308.
Package textcomp Info: Setting txss sub-encoding to TS1/0 on input line 309.
Package textcomp Info: Setting txtt sub-encoding to TS1/0 on input line 310.
Package textcomp Info: Setting lmr sub-encoding to TS1/0 on input line 311.
Package textcomp Info: Setting lmdh sub-encoding to TS1/0 on input line 312.
Package textcomp Info: Setting lmss sub-encoding to TS1/0 on input line 313.
Package textcomp Info: Setting lmssq sub-encoding to TS1/0 on input line 314.
Package textcomp Info: Setting lmvtt sub-encoding to TS1/0 on input line 315.
Package textcomp Info: Setting qhv sub-encoding to TS1/0 on input line 316.
Package textcomp Info: Setting qag sub-encoding to TS1/0 on input line 317.
Package textcomp Info: Setting qbk sub-encoding to TS1/0 on input line 318.
Package textcomp Info: Setting qcr sub-encoding to TS1/0 on input line 319.
Package textcomp Info: Setting qcs sub-encoding to TS1/0 on input line 320.
Package textcomp Info: Setting qpl sub-encoding to TS1/0 on input line 321.
Package textcomp Info: Setting qtm sub-encoding to TS1/0 on input line 322.
Package textcomp Info: Setting qzc sub-encoding to TS1/0 on input line 323.
Package textcomp Info: Setting qhvc sub-encoding to TS1/0 on input line 324.
Package textcomp Info: Setting futs sub-encoding to TS1/4 on input line 325.
Package textcomp Info: Setting futx sub-encoding to TS1/4 on input line 326.
Package textcomp Info: Setting futj sub-encoding to TS1/4 on input line 327.
Package textcomp Info: Setting hlh sub-encoding to TS1/3 on input line 328.
Package textcomp Info: Setting hls sub-encoding to TS1/3 on input line 329.
Package textcomp Info: Setting hlst sub-encoding to TS1/3 on input line 330.
Package textcomp Info: Setting hlct sub-encoding to TS1/5 on input line 331.
Package textcomp Info: Setting hlx sub-encoding to TS1/5 on input line 332.
Package textcomp Info: Setting hlce sub-encoding to TS1/5 on input line 333.
Package textcomp Info: Setting hlcn sub-encoding to TS1/5 on input line 334.
Package textcomp Info: Setting hlcw sub-encoding to TS1/5 on input line 335.
Package textcomp Info: Setting hlcf sub-encoding to TS1/5 on input line 336.
Package textcomp Info: Setting pplx sub-encoding to TS1/3 on input line 337.
Package textcomp Info: Setting pplj sub-encoding to TS1/3 on input line 338.
Package textcomp Info: Setting ptmx sub-encoding to TS1/4 on input line 339.
Package textcomp Info: Setting ptmj sub-encoding to TS1/4 on input line 340.
)
(/usr/share/texlive/texmf-dist/tex/latex/base/fontenc.sty
Package: fontenc 2005/09/27 v1.99g Standard LaTeX package

(/usr/share/texlive/texmf-dist/tex/latex/base/t1enc.def
File: t1enc.def 2005/09/27 v1.99g Standard LaTeX file
LaTeX Font Info:    Redeclaring font encoding T1 on input line 43.
))
(/usr/share/texlive/texmf-dist/tex/latex/psnfss/mathptmx.sty
Package: mathptmx 2005/04/12 PSNFSS-v9.2a Times w/ Math, improved (SPQR, WaS) 
LaTeX Font Info:    Redeclaring symbol font `operators' on input line 28.
LaTeX Font Info:    Overwriting symbol font `operators' in version `normal'
(Font)                  OT1/cmr/m/n --> OT1/ztmcm/m/n on input line 28.
LaTeX Font Info:    Overwriting symbol font `operators' in version `bold'
(Font)                  OT1/cmr/bx/n --> OT1/ztmcm/m/n on input line 28.
LaTeX Font Info:    Redeclaring symbol font `letters' on input line 29.
LaTeX Font Info:    Overwriting symbol font `letters' in version `normal'
(Font)                  OML/cmm/m/it --> OML/ztmcm/m/it on input line 29.
LaTeX Font Info:    Overwriting symbol font `letters' in version `bold'
(Font)                  OML/cmm/b/it --> OML/ztmcm/m/it on input line 29.
LaTeX Font Info:    Redeclaring symbol font `symbols' on input line 30.
LaTeX Font Info:    Overwriting symbol font `symbols' in version `normal'
(Font)                  OMS/cmsy/m/n --> OMS/ztmcm/m/n on input line 30.
LaTeX Font Info:    Overwriting symbol font `symbols' in version `bold'
(Font)                  OMS/cmsy/b/n --> OMS/ztmcm/m/n on input line 30.
LaTeX Font Info:    Redeclaring symbol font `largesymbols' on input line 31.
LaTeX Font Info:    Overwriting symbol font `largesymbols' in version `normal'
(Font)                  OMX/cmex/m/n --> OMX/ztmcm/m/n on input line 31.
LaTeX Font Info:    Overwriting symbol font `largesymbols' in version `bold'
(Font)                  OMX/cmex/m/n --> OMX/ztmcm/m/n on input line 31.
\symbold=\mathgroup4
\symitalic=\mathgroup5
LaTeX Font Info:    Redeclaring math alphabet \mathbf on input line 34.
LaTeX Font Info:    Overwriting math alphabet `\mathbf' in version `normal'
(Font)                  OT1/cmr/bx/n --> OT1/ptm/bx/n on input line 34.
LaTeX Font Info:    Overwriting math alphabet `\mathbf' in version `bold'
(Font)                  OT1/cmr/bx/n --> OT1/ptm/bx/n on input line 34.
LaTeX Font Info:    Redeclaring math alphabet \mathit on input line 35.
LaTeX Font Info:    Overwriting math alphabet `\mathit' in version `normal'
(Font)                  OT1/cmr/m/it --> OT1/ptm/m/it on input line 35.
LaTeX Font Info:    Overwriting math alphabet `\mathit' in version `bold'
(Font)                  OT1/cmr/bx/it --> OT1/ptm/m/it on input line 35.
LaTeX Info: Redefining \hbar on input line 50.
)
(/usr/share/texlive/texmf-dist/tex/latex/psnfss/helvet.sty
Package: helvet 2005/04/12 PSNFSS-v9.2a (WaS) 
)
(/usr/share/texlive/texmf-dist/tex/latex/psnfss/courier.sty
Package: courier 2005/04/12 PSNFSS-v9.2a (WaS) 
)
(/usr/share/texlive/texmf-dist/tex/latex/amsfonts/amssymb.sty
Package: amssymb 2013/01/14 v3.01 AMS font symbols

(/usr/share/texlive/texmf-dist/tex/latex/amsfonts/amsfonts.sty
Package: amsfonts 2013/01/14 v3.01 Basic AMSFonts support
\@emptytoks=\toks23
\symAMSa=\mathgroup6
\symAMSb=\mathgroup7
LaTeX Font Info:    Overwriting math alphabet `\mathfrak' in version `bold'
(Font)                  U/euf/m/n --> U/euf/b/n on input line 106.
))
(/usr/share/texlive/texmf-dist/tex/latex/sectsty/sectsty.sty
Package: sectsty 2002/02/25 v2.0.2 Commands to change all sectional heading sty
les
)
(/usr/share/texlive/texmf-dist/tex/latex/geometry/geometry.sty
Package: geometry 2010/09/12 v5.6 Page Geometry

(/usr/share/texlive/texmf-dist/tex/generic/oberdiek/ifpdf.sty
Package: ifpdf 2011/01/30 v2.3 Provides the ifpdf switch (HO)
Package ifpdf Info: pdfTeX in PDF mode is detected.
)
(/usr/share/texlive/texmf-dist/tex/generic/oberdiek/ifvtex.sty
Package: ifvtex 2010/03/01 v1.5 Detect VTeX and its facilities (HO)
Package ifvtex Info: VTeX not detected.
)
(/usr/share/texlive/texmf-dist/tex/generic/ifxetex/ifxetex.sty
Package: ifxetex 2010/09/12 v0.6 Provides ifxetex conditional
)
\Gm@cnth=\count110
\Gm@cntv=\count111
\c@Gm@tempcnt=\count112
\Gm@bindingoffset=\dimen133
\Gm@wd@mp=\dimen134
\Gm@odd@mp=\dimen135
\Gm@even@mp=\dimen136
\Gm@layoutwidth=\dimen137
\Gm@layoutheight=\dimen138
\Gm@layouthoffset=\dimen139
\Gm@layoutvoffset=\dimen140
\Gm@dimlist=\toks24
)
(/usr/share/texlive/texmf-dist/tex/latex/fancyhdr/fancyhdr.sty
\fancy@headwidth=\skip56
\f@ncyO@elh=\skip57
\f@ncyO@erh=\skip58
\f@ncyO@olh=\skip59
\f@ncyO@orh=\skip60
\f@ncyO@elf=\skip61
\f@ncyO@erf=\skip62
\f@ncyO@olf=\skip63
\f@ncyO@orf=\skip64
)
(/usr/share/texlive/texmf-dist/tex/latex/natbib/natbib.sty
Package: natbib 2010/09/13 8.31b (PWD, AO)
\bibhang=\skip65
\bibsep=\skip66
LaTeX Info: Redefining \cite on input line 694.
\c@NAT@ctr=\count113
)
(/usr/share/texlive/texmf-dist/tex/latex/tocloft/tocloft.sty
Package: tocloft 2013/05/02 v2.3f parameterised ToC, etc., typesetting
Package tocloft Info: The document has chapter divisions on input line 44.
\cftparskip=\skip67
\cftbeforetoctitleskip=\skip68
\cftaftertoctitleskip=\skip69
\cftbeforepartskip=\skip70
\cftpartnumwidth=\skip71
\cftpartindent=\skip72
\cftbeforechapskip=\skip73
\cftchapindent=\skip74
\cftchapnumwidth=\skip75
\cftbeforesecskip=\skip76
\cftsecindent=\skip77
\cftsecnumwidth=\skip78
\cftbeforesubsecskip=\skip79
\cftsubsecindent=\skip80
\cftsubsecnumwidth=\skip81
\cftbeforesubsubsecskip=\skip82
\cftsubsubsecindent=\skip83
\cftsubsubsecnumwidth=\skip84
\cftbeforeparaskip=\skip85
\cftparaindent=\skip86
\cftparanumwidth=\skip87
\cftbeforesubparaskip=\skip88
\cftsubparaindent=\skip89
\cftsubparanumwidth=\skip90
\cftbeforeloftitleskip=\skip91
\cftafterloftitleskip=\skip92
\cftbeforefigskip=\skip93
\cftfigindent=\skip94
\cftfignumwidth=\skip95
\c@lofdepth=\count114
\c@lotdepth=\count115
\cftbeforelottitleskip=\skip96
\cftafterlottitleskip=\skip97
\cftbeforetabskip=\skip98
\cfttabindent=\skip99
\cfttabnumwidth=\skip100
)
\@indexfile=\write3
\openout3 = `refman.idx'.


Writing index file refman.idx
(/usr/share/texlive/texmf-dist/tex/latex/hyperref/hyperref.sty
Package: hyperref 2012/11/06 v6.83m Hypertext links for LaTeX

(/usr/share/texlive/texmf-dist/tex/generic/oberdiek/hobsub-hyperref.sty
Package: hobsub-hyperref 2012/05/28 v1.13 Bundle oberdiek, subset hyperref (HO)


(/usr/share/texlive/texmf-dist/tex/generic/oberdiek/hobsub-generic.sty
Package: hobsub-generic 2012/05/28 v1.13 Bundle oberdiek, subset generic (HO)
Package: hobsub 2012/05/28 v1.13 Construct package bundles (HO)
Package hobsub Info: Skipping package `infwarerr' (already loaded).
Package hobsub Info: Skipping package `ltxcmds' (already loaded).
Package: ifluatex 2010/03/01 v1.3 Provides the ifluatex switch (HO)
Package ifluatex Info: LuaTeX not detected.
Package hobsub Info: Skipping package `ifvtex' (already loaded).
Package: intcalc 2007/09/27 v1.1 Expandable calculations with integers (HO)
Package hobsub Info: Skipping package `ifpdf' (already loaded).
Package: etexcmds 2011/02/16 v1.5 Avoid name clashes with e-TeX commands (HO)
Package etexcmds Info: Could not find \expanded.
(etexcmds)             That can mean that you are not using pdfTeX 1.50 or
(etexcmds)             that some package has redefined \expanded.
(etexcmds)             In the latter case, load this package earlier.
Package: kvsetkeys 2012/04/25 v1.16 Key value parser (HO)
Package: kvdefinekeys 2011/04/07 v1.3 Define keys (HO)
Package: pdftexcmds 2011/11/29 v0.20 Utility functions of pdfTeX for LuaTeX (HO
)
Package pdftexcmds Info: LuaTeX not detected.
Package pdftexcmds Info: \pdf@primitive is available.
Package pdftexcmds Info: \pdf@ifprimitive is available.
Package pdftexcmds Info: \pdfdraftmode found.
Package: pdfescape 2011/11/25 v1.13 Implements pdfTeX's escape features (HO)
Package: bigintcalc 2012/04/08 v1.3 Expandable calculations on big integers (HO
)
Package: bitset 2011/01/30 v1.1 Handle bit-vector datatype (HO)
Package: uniquecounter 2011/01/30 v1.2 Provide unlimited unique counter (HO)
)
Package hobsub Info: Skipping package `hobsub' (already loaded).
Package: letltxmacro 2010/09/02 v1.4 Let assignment for LaTeX macros (HO)
Package: hopatch 2012/05/28 v1.2 Wrapper for package hooks (HO)
Package: xcolor-patch 2011/01/30 xcolor patch
Package: atveryend 2011/06/30 v1.8 Hooks at the very end of document (HO)
Package atveryend Info: \enddocument detected (standard20110627).
Package: atbegshi 2011/10/05 v1.16 At begin shipout hook (HO)
Package: refcount 2011/10/16 v3.4 Data extraction from label references (HO)
Package: hycolor 2011/01/30 v1.7 Color options for hyperref/bookmark (HO)
)
(/usr/share/texlive/texmf-dist/tex/latex/oberdiek/auxhook.sty
Package: auxhook 2011/03/04 v1.3 Hooks for auxiliary files (HO)
)
(/usr/share/texlive/texmf-dist/tex/latex/oberdiek/kvoptions.sty
Package: kvoptions 2011/06/30 v3.11 Key value format for package options (HO)
)
\@linkdim=\dimen141
\Hy@linkcounter=\count116
\Hy@pagecounter=\count117

(/usr/share/texlive/texmf-dist/tex/latex/hyperref/pd1enc.def
File: pd1enc.def 2012/11/06 v6.83m Hyperref: PDFDocEncoding definition (HO)
Now handling font encoding PD1 ...
... no UTF-8 mapping file for font encoding PD1
)
\Hy@SavedSpaceFactor=\count118

(/usr/share/texlive/texmf-dist/tex/latex/latexconfig/hyperref.cfg
File: hyperref.cfg 2002/06/06 v1.2 hyperref configuration of TeXLive
)
Package hyperref Info: Hyper figures OFF on input line 4443.
Package hyperref Info: Link nesting OFF on input line 4448.
Package hyperref Info: Hyper index ON on input line 4451.
Package hyperref Info: Plain pages OFF on input line 4458.
Package hyperref Info: Backreferencing ON on input line 4461.
Package hyperref Info: Implicit mode ON; LaTeX internals redefined.
Package hyperref Info: Bookmarks ON on input line 4688.

(/usr/share/texlive/texmf-dist/tex/latex/hyperref/backref.sty
Package: backref 2012/07/25 v1.38 Bibliographical back referencing

(/usr/share/texlive/texmf-dist/tex/latex/oberdiek/rerunfilecheck.sty
Package: rerunfilecheck 2011/04/15 v1.7 Rerun checks for auxiliary files (HO)
Package uniquecounter Info: New unique counter `rerunfilecheck' on input line 2
82.
))
\c@Hy@tempcnt=\count119

(/usr/share/texlive/texmf-dist/tex/latex/url/url.sty
\Urlmuskip=\muskip10
Package: url 2013/09/16  ver 3.4  Verb mode for urls, etc.
)
LaTeX Info: Redefining \url on input line 5041.
\XeTeXLinkMargin=\dimen142
\Fld@menulength=\count120
\Field@Width=\dimen143
\Fld@charsize=\dimen144
Package hyperref Info: Hyper figures OFF on input line 6295.
Package hyperref Info: Link nesting OFF on input line 6300.
Package hyperref Info: Hyper index ON on input line 6303.
Package hyperref Info: backreferencing ON on input line 6308.
Package hyperref Info: Link coloring OFF on input line 6315.
Package hyperref Info: Link coloring with OCG OFF on input line 6320.
Package hyperref Info: PDF/A mode OFF on input line 6325.
LaTeX Info: Redefining \ref on input line 6365.
LaTeX Info: Redefining \pageref on input line 6369.
\Hy@abspage=\count121
\c@Item=\count122
\c@Hfootnote=\count123
)

Package hyperref Message: Driver: hpdftex.

(/usr/share/texlive/texmf-dist/tex/latex/hyperref/hpdftex.def
File: hpdftex.def 2012/11/06 v6.83m Hyperref driver for pdfTeX
\Fld@listcount=\count124
\c@bookmark@seq@number=\count125
\Hy@SectionHShift=\skip101
)
Package hyperref Info: Option `colorlinks' set `true' on input line 101.
Package hyperref Info: Option `unicode' set `true' on input line 101.

(/usr/share/texlive/texmf-dist/tex/latex/hyperref/puenc.def
File: puenc.def 2012/11/06 v6.83m Hyperref: PDF Unicode definition (HO)
Now handling font encoding PU ...
... no UTF-8 mapping file for font encoding PU
) (./refman.aux)
\openout1 = `refman.aux'.

LaTeX Font Info:    Checking defaults for OML/cmm/m/it on input line 111.
LaTeX Font Info:    ... okay on input line 111.
LaTeX Font Info:    Checking defaults for T1/cmr/m/n on input line 111.
LaTeX Font Info:    ... okay on input line 111.
LaTeX Font Info:    Checking defaults for OT1/cmr/m/n on input line 111.
LaTeX Font Info:    ... okay on input line 111.
LaTeX Font Info:    Checking defaults for OMS/cmsy/m/n on input line 111.
LaTeX Font Info:    ... okay on input line 111.
LaTeX Font Info:    Checking defaults for OMX/cmex/m/n on input line 111.
LaTeX Font Info:    ... okay on input line 111.
LaTeX Font Info:    Checking defaults for U/cmr/m/n on input line 111.
LaTeX Font Info:    ... okay on input line 111.
LaTeX Font Info:    Checking defaults for TS1/cmr/m/n on input line 111.
LaTeX Font Info:    Try loading font information for TS1+cmr on input line 111.


(/usr/share/texlive/texmf-dist/tex/latex/base/ts1cmr.fd
File: ts1cmr.fd 1999/05/25 v2.5h Standard LaTeX font definitions
)
LaTeX Font Info:    ... okay on input line 111.
LaTeX Font Info:    Checking defaults for PD1/pdf/m/n on input line 111.
LaTeX Font Info:    ... okay on input line 111.
LaTeX Font Info:    Checking defaults for PU/pdf/m/n on input line 111.
LaTeX Font Info:    ... okay on input line 111.
LaTeX Font Info:    Try loading font information for T1+phv on input line 111.

(/usr/share/texlive/texmf-dist/tex/latex/psnfss/t1phv.fd
File: t1phv.fd 2001/06/04 scalable font definitions for T1/phv.
)
LaTeX Font Info:    Font shape `T1/phv/m/n' will be
(Font)              scaled to size 8.99994pt on input line 111.

(/usr/share/texlive/texmf-dist/tex/context/base/supp-pdf.mkii
[Loading MPS to PDF converter (version 2006.09.02).]
\scratchcounter=\count126
\scratchdimen=\dimen145
\scratchbox=\box56
\nofMPsegments=\count127
\nofMParguments=\count128
\everyMPshowfont=\toks25
\MPscratchCnt=\count129
\MPscratchDim=\dimen146
\MPnumerator=\count130
\makeMPintoPDFobject=\count131
\everyMPtoPDFconversion=\toks26
) (/usr/share/texlive/texmf-dist/tex/latex/oberdiek/epstopdf-base.sty
Package: epstopdf-base 2010/02/09 v2.5 Base part for package epstopdf

(/usr/share/texlive/texmf-dist/tex/latex/oberdiek/grfext.sty
Package: grfext 2010/08/19 v1.1 Manage graphics extensions (HO)
)
Package grfext Info: Graphics extension search list:
(grfext)             [.png,.pdf,.jpg,.mps,.jpeg,.jbig2,.jb2,.PNG,.PDF,.JPG,.JPE
G,.JBIG2,.JB2,.eps]
(grfext)             \AppendGraphicsExtensions on input line 452.

(/usr/share/texlive/texmf-dist/tex/latex/latexconfig/epstopdf-sys.cfg
File: epstopdf-sys.cfg 2010/07/13 v1.3 Configuration of (r)epstopdf for TeX Liv
e
))
\big@size=\dimen147

*geometry* driver: auto-detecting
*geometry* detected driver: pdftex
*geometry* verbose mode - [ preamble ] result:
* driver: pdftex
* paper: a4paper
* layout: <same size as paper>
* layoutoffset:(h,v)=(0.0pt,0.0pt)
* modes: twoside 
* h-part:(L,W,R)=(71.13188pt, 455.24411pt, 71.13188pt)
* v-part:(T,H,B)=(71.13188pt, 702.78308pt, 71.13188pt)
* \paperwidth=597.50787pt
* \paperheight=845.04684pt
* \textwidth=455.24411pt
* \textheight=702.78308pt
* \oddsidemargin=-1.1381pt
* \evensidemargin=-1.1381pt
* \topmargin=-31.2056pt
* \headheight=12.0pt
* \headsep=18.06749pt
* \topskip=10.0pt
* \footskip=25.29494pt
* \marginparwidth=125.0pt
* \marginparsep=7.0pt
* \columnsep=10.0pt
* \skip\footins=9.0pt plus 4.0pt minus 2.0pt
* \hoffset=0.0pt
* \voffset=0.0pt
* \mag=1000
* \@twocolumnfalse
* \@twosidetrue
* \@mparswitchtrue
* \@reversemarginfalse
* (1in=72.27pt=25.4mm, 1cm=28.453pt)

\AtBeginShipoutBox=\box57
Package backref Info: ** backref set up for natbib ** on input line 111.
Package hyperref Info: Link coloring ON on input line 111.
(/usr/share/texlive/texmf-dist/tex/latex/hyperref/nameref.sty
Package: nameref 2012/10/27 v2.43 Cross-referencing by name of section

(/usr/share/texlive/texmf-dist/tex/generic/oberdiek/gettitlestring.sty
Package: gettitlestring 2010/12/03 v1.4 Cleanup title references (HO)
)
\c@section@level=\count132
)
LaTeX Info: Redefining \ref on input line 111.
LaTeX Info: Redefining \pageref on input line 111.
LaTeX Info: Redefining \nameref on input line 111.

(./refman.out) (./refman.out)
\@outlinefile=\write4
\openout4 = `refman.out'.

Package hyperref Info: Option `pageanchor' set `false' on input line 114.
LaTeX Font Info:    Font shape `T1/phv/m/n' will be
(Font)              scaled to size 12.9599pt on input line 119.
LaTeX Font Info:    Font shape `T1/phv/m/n' will be
(Font)              scaled to size 10.79993pt on input line 121.
LaTeX Font Info:    Font shape `T1/phv/m/n' will be
(Font)              scaled to size 8.09995pt on input line 123.
 [1


{/var/lib/texmf/fonts/map/pdftex/updmap/pdftex.map}] [2

]
LaTeX Font Info:    Font shape `T1/phv/m/n' will be
(Font)              scaled to size 22.39185pt on input line 127.
LaTeX Font Info:    Font shape `T1/phv/bx/n' in size <24.88> not available
(Font)              Font shape `T1/phv/b/n' tried instead on input line 127.
LaTeX Font Info:    Font shape `T1/phv/b/n' will be
(Font)              scaled to size 22.39185pt on input line 127.
LaTeX Font Info:    Font shape `T1/phv/bc/n' will be
(Font)              scaled to size 22.39185pt on input line 127.
 (./refman.toc
LaTeX Font Info:    Font shape `T1/phv/bx/n' in size <10> not available
(Font)              Font shape `T1/phv/b/n' tried instead on input line 1.
LaTeX Font Info:    Font shape `T1/phv/b/n' will be
(Font)              scaled to size 8.99994pt on input line 1.
LaTeX Font Info:    Try loading font information for OT1+ztmcm on input line 1.


(/usr/share/texlive/texmf-dist/tex/latex/psnfss/ot1ztmcm.fd
File: ot1ztmcm.fd 2000/01/03 Fontinst v1.801 font definitions for OT1/ztmcm.
)
LaTeX Font Info:    Try loading font information for OML+ztmcm on input line 1.


(/usr/share/texlive/texmf-dist/tex/latex/psnfss/omlztmcm.fd
File: omlztmcm.fd 2000/01/03 Fontinst v1.801 font definitions for OML/ztmcm.
)
LaTeX Font Info:    Try loading font information for OMS+ztmcm on input line 1.


(/usr/share/texlive/texmf-dist/tex/latex/psnfss/omsztmcm.fd
File: omsztmcm.fd 2000/01/03 Fontinst v1.801 font definitions for OMS/ztmcm.
)
LaTeX Font Info:    Try loading font information for OMX+ztmcm on input line 1.


(/usr/share/texlive/texmf-dist/tex/latex/psnfss/omxztmcm.fd
File: omxztmcm.fd 2000/01/03 Fontinst v1.801 font definitions for OMX/ztmcm.
)
LaTeX Font Info:    Try loading font information for OT1+ptm on input line 1.

(/usr/share/texlive/texmf-dist/tex/latex/psnfss/ot1ptm.fd
File: ot1ptm.fd 2001/06/04 font definitions for OT1/ptm.
)
LaTeX Font Info:    Font shape `OT1/ptm/bx/n' in size <10> not available
(Font)              Font shape `OT1/ptm/b/n' tried instead on input line 1.
LaTeX Font Info:    Font shape `OT1/ptm/bx/n' in size <7.4> not available
(Font)              Font shape `OT1/ptm/b/n' tried instead on input line 1.
LaTeX Font Info:    Font shape `OT1/ptm/bx/n' in size <6> not available
(Font)              Font shape `OT1/ptm/b/n' tried instead on input line 1.
 [3

]
LaTeX Font Info:    Font shape `T1/phv/bx/n' in size <7> not available
(Font)              Font shape `T1/phv/b/n' tried instead on input line 69.
LaTeX Font Info:    Font shape `T1/phv/b/n' will be
(Font)              scaled to size 6.29996pt on input line 69.
 [4] [5] [6]
[7] [8] [9] [10])
\tf@toc=\write5
\openout5 = `refman.toc'.

 [11] [12

]
Package hyperref Info: Option `pageanchor' set `true' on input line 130.

Chapter 1.
LaTeX Font Info:    Font shape `T1/phv/m/n' will be
(Font)              scaled to size 18.66588pt on input line 133.
LaTeX Font Info:    Font shape `T1/phv/bx/n' in size <20.74> not available
(Font)              Font shape `T1/phv/b/n' tried instead on input line 133.
LaTeX Font Info:    Font shape `T1/phv/b/n' will be
(Font)              scaled to size 18.66588pt on input line 133.
LaTeX Font Info:    Font shape `T1/phv/bc/n' will be
(Font)              scaled to size 18.66588pt on input line 133.
(./index.tex
LaTeX Font Info:    Font shape `T1/phv/bc/n' will be
(Font)              scaled to size 8.99994pt on input line 1.

Underfull \hbox (badness 10000) detected at line 1
[][][]
 []

LaTeX Font Info:    Font shape `T1/phv/bx/n' in size <14.4> not available
(Font)              Font shape `T1/phv/b/n' tried instead on input line 4.
LaTeX Font Info:    Font shape `T1/phv/b/n' will be
(Font)              scaled to size 12.9599pt on input line 4.
LaTeX Font Info:    Font shape `T1/phv/bc/n' will be
(Font)              scaled to size 12.9599pt on input line 4.
LaTeX Font Info:    Try loading font information for T1+pcr on input line 6.
(/usr/share/texlive/texmf-dist/tex/latex/psnfss/t1pcr.fd
File: t1pcr.fd 2001/06/04 font definitions for T1/pcr.
)
LaTeX Font Info:    Font shape `T1/phv/bx/n' in size <12> not available
(Font)              Font shape `T1/phv/b/n' tried instead on input line 10.
LaTeX Font Info:    Font shape `T1/phv/b/n' will be
(Font)              scaled to size 10.79993pt on input line 10.
LaTeX Font Info:    Font shape `T1/phv/bc/n' will be
(Font)              scaled to size 10.79993pt on input line 10.
LaTeX Font Info:    Try loading font information for TS1+phv on input line 14.

(/usr/share/texlive/texmf-dist/tex/latex/psnfss/ts1phv.fd
File: ts1phv.fd 2001/06/04 scalable font definitions for TS1/phv.
)
LaTeX Font Info:    Font shape `TS1/phv/m/n' will be
(Font)              scaled to size 8.99994pt on input line 14.

Underfull \hbox (badness 10000) in paragraph at lines 16--17
\T1/pcr/m/n/10 Survey of Real--Time Strategy Game A-I Research and Competition 
in Star-
 []

[1

]
LaTeX Font Info:    Font shape `T1/phv/m/it' in size <10> not available
(Font)              Font shape `T1/phv/m/sl' tried instead on input line 46.
LaTeX Font Info:    Font shape `T1/phv/m/sl' will be
(Font)              scaled to size 8.99994pt on input line 46.
LaTeX Font Info:    Font shape `T1/phv/m/n' will be
(Font)              scaled to size 7.19995pt on input line 55.
 [2]) [3] [4

]
Chapter 2.
(./namespaces.tex) [5] [6

]
Chapter 3.
(./hierarchy.tex) [7] [8

]
Chapter 4.
(./annotated.tex) [9] [10

]
Chapter 5.
(./files.tex) [11] [12

]
Chapter 6.
(./namespaceghost.tex
LaTeX Font Info:    Font shape `T1/phv/m/it' in size <9> not available
(Font)              Font shape `T1/phv/m/sl' tried instead on input line 8.
LaTeX Font Info:    Font shape `T1/phv/m/sl' will be
(Font)              scaled to size 8.09995pt on input line 8.
 [13]
Underfull \hbox (badness 10000) detected at line 126
[][][]
 []

LaTeX Font Info:    Font shape `T1/phv/bx/it' in size <10> not available
(Font)              Font shape `T1/phv/b/it' tried instead on input line 130.
LaTeX Font Info:    Font shape `T1/phv/b/it' in size <10> not available
(Font)              Font shape `T1/phv/b/sl' tried instead on input line 130.
LaTeX Font Info:    Font shape `T1/phv/b/sl' will be
(Font)              scaled to size 8.99994pt on input line 130.
LaTeX Font Info:    Font shape `T1/phv/bc/it' in size <10> not available
(Font)              Font shape `T1/phv/bc/sl' tried instead on input line 148.
LaTeX Font Info:    Font shape `T1/phv/bc/sl' will be
(Font)              scaled to size 8.99994pt on input line 148.

LaTeX Font Warning: Font shape `T1/pcr/bc/it' undefined
(Font)              using `T1/pcr/m/n' instead on input line 148.

[14]

Package hyperref Warning: Token not allowed in a PDF string (Unicode):
(hyperref)                removing `math shift' on input line 186.


Package hyperref Warning: Token not allowed in a PDF string (Unicode):
(hyperref)                removing `math shift' on input line 186.


Package hyperref Warning: Token not allowed in a PDF string (Unicode):
(hyperref)                removing `math shift' on input line 186.


Package hyperref Warning: Token not allowed in a PDF string (Unicode):
(hyperref)                removing `math shift' on input line 186.


Package hyperref Warning: Token not allowed in a PDF string (Unicode):
(hyperref)                removing `math shift' on input line 194.


Package hyperref Warning: Token not allowed in a PDF string (Unicode):
(hyperref)                removing `math shift' on input line 194.


Package hyperref Warning: Token not allowed in a PDF string (Unicode):
(hyperref)                removing `math shift' on input line 194.


Package hyperref Warning: Token not allowed in a PDF string (Unicode):
(hyperref)                removing `math shift' on input line 194.

) [15] [16

]
Chapter 7.
(./classghost_1_1Buildable.tex
<classghost_1_1Buildable__inherit__graph.pdf, id=2110, 210.7875pt x 449.68pt>
File: classghost_1_1Buildable__inherit__graph.pdf Graphic file (type pdf)

<use classghost_1_1Buildable__inherit__graph.pdf>
Package pdftex.def Info: classghost_1_1Buildable__inherit__graph.pdf used on in
put line 14.
(pdftex.def)             Requested size: 210.0pt x 448.01154pt.

Underfull \vbox (badness 10000) has occurred while \output is active []

 [17]
<classghost_1_1Buildable__coll__graph.pdf, id=2115, 212.795pt x 1118.1775pt>
File: classghost_1_1Buildable__coll__graph.pdf Graphic file (type pdf)

<use classghost_1_1Buildable__coll__graph.pdf>
Package pdftex.def Info: classghost_1_1Buildable__coll__graph.pdf used on input
 line 23.
(pdftex.def)             Requested size: 104.66983pt x 550.0pt.

Underfull \vbox (badness 10000) has occurred while \output is active []

 [18 <./classghost_1_1Buildable__inherit__graph.pdf>] [19 <./classghost_1_1Buil
dable__coll__graph.pdf>]

LaTeX Font Warning: Font shape `T1/pcr/bc/n' undefined
(Font)              using `T1/pcr/m/n' instead on input line 56.

) (./classghost_1_1Building.tex
<classghost_1_1Building__inherit__graph.pdf, id=2154, 174.6525pt x 642.4pt>
File: classghost_1_1Building__inherit__graph.pdf Graphic file (type pdf)

<use classghost_1_1Building__inherit__graph.pdf>
Package pdftex.def Info: classghost_1_1Building__inherit__graph.pdf used on inp
ut line 14.
(pdftex.def)             Requested size: 149.53464pt x 550.0pt.

Underfull \vbox (badness 10000) has occurred while \output is active []

 [20]
<classghost_1_1Building__coll__graph.pdf, id=2162, 174.6525pt x 642.4pt>
File: classghost_1_1Building__coll__graph.pdf Graphic file (type pdf)

<use classghost_1_1Building__coll__graph.pdf>
Package pdftex.def Info: classghost_1_1Building__coll__graph.pdf used on input 
line 23.
(pdftex.def)             Requested size: 149.53464pt x 550.0pt.

Underfull \vbox (badness 10000) has occurred while \output is active []

 [21 <./classghost_1_1Building__inherit__graph.pdf>] [22 <./classghost_1_1Build
ing__coll__graph.pdf>] [23]

Package hyperref Warning: Token not allowed in a PDF string (Unicode):
(hyperref)                removing `math shift' on input line 218.


Package hyperref Warning: Token not allowed in a PDF string (Unicode):
(hyperref)                removing `math shift' on input line 218.


Package hyperref Warning: Token not allowed in a PDF string (Unicode):
(hyperref)                removing `math shift' on input line 218.


Package hyperref Warning: Token not allowed in a PDF string (Unicode):
(hyperref)                removing `math shift' on input line 218.

) (./classghost_1_1BuildingObj.tex
<classghost_1_1BuildingObj__inherit__graph.pdf, id=2249, 228.855pt x 606.265pt>
File: classghost_1_1BuildingObj__inherit__graph.pdf Graphic file (type pdf)
<use classghost_1_1BuildingObj__inherit__graph.pdf>
Package pdftex.def Info: classghost_1_1BuildingObj__inherit__graph.pdf used on 
input line 14.
(pdftex.def)             Requested size: 207.61932pt x 550.0pt.

Underfull \vbox (badness 10000) has occurred while \output is active []

 [24]
<classghost_1_1BuildingObj__coll__graph.pdf, id=2255, 228.855pt x 760.8425pt>
File: classghost_1_1BuildingObj__coll__graph.pdf Graphic file (type pdf)

<use classghost_1_1BuildingObj__coll__graph.pdf>
Package pdftex.def Info: classghost_1_1BuildingObj__coll__graph.pdf used on inp
ut line 23.
(pdftex.def)             Requested size: 165.43895pt x 550.0pt.

Underfull \vbox (badness 10000) has occurred while \output is active []

 [25 <./classghost_1_1BuildingObj__inherit__graph.pdf>] [26 <./classghost_1_1Bu
ildingObj__coll__graph.pdf>]
Underfull \hbox (badness 10000) detected at line 70
[][][]
 []


Underfull \hbox (badness 10000) detected at line 73
[][][]
 []


Underfull \hbox (badness 10000) detected at line 102
[][][]
 []


Underfull \hbox (badness 10000) detected at line 105
[][][]
 []

[27]
Underfull \hbox (badness 10000) detected at line 138
[][][]
 []


Underfull \hbox (badness 10000) detected at line 141
[][][]
 []

) (./classghost_1_1Constraint.tex
LaTeX Font Info:    Font shape `OT1/ptm/bx/n' in size <14.4> not available
(Font)              Font shape `OT1/ptm/b/n' tried instead on input line 3.
LaTeX Font Info:    Font shape `OT1/ptm/bx/n' in size <10.95> not available
(Font)              Font shape `OT1/ptm/b/n' tried instead on input line 3.
LaTeX Font Info:    Font shape `OT1/ptm/bx/n' in size <8> not available
(Font)              Font shape `OT1/ptm/b/n' tried instead on input line 3.


Package hyperref Warning: Token not allowed in a PDF string (Unicode):
(hyperref)                removing `math shift' on input line 3.


Package hyperref Warning: Token not allowed in a PDF string (Unicode):
(hyperref)                removing `math shift' on input line 3.


Package hyperref Warning: Token not allowed in a PDF string (Unicode):
(hyperref)                removing `math shift' on input line 3.


Package hyperref Warning: Token not allowed in a PDF string (Unicode):
(hyperref)                removing `math shift' on input line 3.

<classghost_1_1Constraint__coll__graph.pdf, id=2310, 226.8475pt x 279.0425pt>
File: classghost_1_1Constraint__coll__graph.pdf Graphic file (type pdf)

<use classghost_1_1Constraint__coll__graph.pdf>
Package pdftex.def Info: classghost_1_1Constraint__coll__graph.pdf used on inpu
t line 19.
(pdftex.def)             Requested size: 226.0pt x 278.00288pt.

Underfull \vbox (badness 10000) has occurred while \output is active []

 [28]
LaTeX Font Info:    Font shape `OT1/ptm/bx/n' in size <9> not available
(Font)              Font shape `OT1/ptm/b/n' tried instead on input line 42.
LaTeX Font Info:    Font shape `OT1/ptm/bx/n' in size <7> not available
(Font)              Font shape `OT1/ptm/b/n' tried instead on input line 42.
LaTeX Font Info:    Font shape `OT1/ptm/bx/n' in size <5> not available
(Font)              Font shape `OT1/ptm/b/n' tried instead on input line 42.

[29 <./classghost_1_1Constraint__coll__graph.pdf>]
Underfull \hbox (badness 10000) detected at line 62
[][][]
 []


Underfull \hbox (badness 10000) detected at line 108
[][][]
 []


Underfull \hbox (badness 10000) detected at line 111
[][][]
 []

[30]
Underfull \hbox (badness 10000) detected at line 142
[][][]
 []


Underfull \hbox (badness 10000) detected at line 145
[][][]
 []


Package hyperref Warning: Token not allowed in a PDF string (Unicode):
(hyperref)                removing `math shift' on input line 162.


Package hyperref Warning: Token not allowed in a PDF string (Unicode):
(hyperref)                removing `math shift' on input line 162.


Package hyperref Warning: Token not allowed in a PDF string (Unicode):
(hyperref)                removing `math shift' on input line 162.


Package hyperref Warning: Token not allowed in a PDF string (Unicode):
(hyperref)                removing `math shift' on input line 162.

) (./classghost_1_1Domain.tex

Package hyperref Warning: Token not allowed in a PDF string (Unicode):
(hyperref)                removing `math shift' on input line 3.


Package hyperref Warning: Token not allowed in a PDF string (Unicode):
(hyperref)                removing `math shift' on input line 3.


Package hyperref Warning: Token not allowed in a PDF string (Unicode):
(hyperref)                removing `math shift' on input line 3.


Package hyperref Warning: Token not allowed in a PDF string (Unicode):
(hyperref)                removing `math shift' on input line 3.

<classghost_1_1Domain__coll__graph.pdf, id=2372, 234.8775pt x 411.5375pt>
File: classghost_1_1Domain__coll__graph.pdf Graphic file (type pdf)

<use classghost_1_1Domain__coll__graph.pdf>
Package pdftex.def Info: classghost_1_1Domain__coll__graph.pdf used on input li
ne 19.
(pdftex.def)             Requested size: 234.0pt x 409.998pt.
 [31] [32 <./classghost_1_1Domain__coll__graph.pdf>]
Underfull \hbox (badness 10000) detected at line 74
[][][]
 []

[33] [34] [35]
Underfull \hbox (badness 10000) detected at line 204
[][][]
 []


Underfull \hbox (badness 10000) detected at line 223
[][][]
 []


Underfull \hbox (badness 10000) detected at line 226
[][][]
 []


Package hyperref Warning: Token not allowed in a PDF string (Unicode):
(hyperref)                removing `math shift' on input line 264.


Package hyperref Warning: Token not allowed in a PDF string (Unicode):
(hyperref)                removing `math shift' on input line 264.


Package hyperref Warning: Token not allowed in a PDF string (Unicode):
(hyperref)                removing `math shift' on input line 264.


Package hyperref Warning: Token not allowed in a PDF string (Unicode):
(hyperref)                removing `math shift' on input line 264.

[36]) (./classghost_1_1GapObj.tex
<classghost_1_1GapObj__inherit__graph.pdf, id=2465, 228.855pt x 616.3025pt>
File: classghost_1_1GapObj__inherit__graph.pdf Graphic file (type pdf)

<use classghost_1_1GapObj__inherit__graph.pdf>
Package pdftex.def Info: classghost_1_1GapObj__inherit__graph.pdf used on input
 line 14.
(pdftex.def)             Requested size: 204.2495pt x 550.0pt.

Underfull \vbox (badness 10000) has occurred while \output is active []

 [37]
<classghost_1_1GapObj__coll__graph.pdf, id=2471, 228.855pt x 770.88pt>
File: classghost_1_1GapObj__coll__graph.pdf Graphic file (type pdf)

<use classghost_1_1GapObj__coll__graph.pdf>
Package pdftex.def Info: classghost_1_1GapObj__coll__graph.pdf used on input li
ne 23.
(pdftex.def)             Requested size: 163.28087pt x 550.0pt.

Underfull \vbox (badness 10000) has occurred while \output is active []

 [38 <./classghost_1_1GapObj__inherit__graph.pdf>] [39 <./classghost_1_1GapObj_
_coll__graph.pdf>]
Underfull \hbox (badness 10000) detected at line 84
[][][]
 []


Underfull \hbox (badness 10000) detected at line 87
[][][]
 []


Underfull \hbox (badness 10000) detected at line 116
[][][]
 []


Underfull \hbox (badness 10000) detected at line 119
[][][]
 []

[40]
Underfull \hbox (badness 10000) detected at line 148
[][][]
 []

) (./classghost_1_1NoGaps.tex
<classghost_1_1NoGaps__inherit__graph.pdf, id=2529, 228.855pt x 449.68pt>
File: classghost_1_1NoGaps__inherit__graph.pdf Graphic file (type pdf)

<use classghost_1_1NoGaps__inherit__graph.pdf>
Package pdftex.def Info: classghost_1_1NoGaps__inherit__graph.pdf used on input
 line 14.
(pdftex.def)             Requested size: 228.0pt x 448.01839pt.

Underfull \vbox (badness 10000) has occurred while \output is active []

 [41]
<classghost_1_1NoGaps__coll__graph.pdf, id=2537, 228.855pt x 1118.1775pt>
File: classghost_1_1NoGaps__coll__graph.pdf Graphic file (type pdf)

<use classghost_1_1NoGaps__coll__graph.pdf>
Package pdftex.def Info: classghost_1_1NoGaps__coll__graph.pdf used on input li
ne 23.
(pdftex.def)             Requested size: 112.56944pt x 550.0pt.

Underfull \vbox (badness 10000) has occurred while \output is active []

 [42 <./classghost_1_1NoGaps__inherit__graph.pdf>] [43 <./classghost_1_1NoGaps_
_coll__graph.pdf>]) (./classghost_1_1NoneObj.tex
<classghost_1_1NoneObj__inherit__graph.pdf, id=2572, 228.855pt x 616.3025pt>
File: classghost_1_1NoneObj__inherit__graph.pdf Graphic file (type pdf)

<use classghost_1_1NoneObj__inherit__graph.pdf>
Package pdftex.def Info: classghost_1_1NoneObj__inherit__graph.pdf used on inpu
t line 14.
(pdftex.def)             Requested size: 204.2495pt x 550.0pt.

Underfull \vbox (badness 10000) has occurred while \output is active []

 [44]
<classghost_1_1NoneObj__coll__graph.pdf, id=2578, 228.855pt x 770.88pt>
File: classghost_1_1NoneObj__coll__graph.pdf Graphic file (type pdf)

<use classghost_1_1NoneObj__coll__graph.pdf>
Package pdftex.def Info: classghost_1_1NoneObj__coll__graph.pdf used on input l
ine 23.
(pdftex.def)             Requested size: 163.28087pt x 550.0pt.

Underfull \vbox (badness 10000) has occurred while \output is active []

 [45 <./classghost_1_1NoneObj__inherit__graph.pdf>] [46 <./classghost_1_1NoneOb
j__coll__graph.pdf>]
Underfull \hbox (badness 10000) detected at line 72
[][][]
 []


Underfull \hbox (badness 10000) detected at line 75
[][][]
 []


Underfull \hbox (badness 10000) detected at line 104
[][][]
 []


Underfull \hbox (badness 10000) detected at line 107
[][][]
 []

[47]
Underfull \hbox (badness 10000) detected at line 140
[][][]
 []


Underfull \hbox (badness 10000) detected at line 143
[][][]
 []


Underfull \hbox (badness 10000) detected at line 172
[][][]
 []

) (./classghost_1_1NullObjective.tex

Package hyperref Warning: Token not allowed in a PDF string (Unicode):
(hyperref)                removing `math shift' on input line 3.


Package hyperref Warning: Token not allowed in a PDF string (Unicode):
(hyperref)                removing `math shift' on input line 3.


Package hyperref Warning: Token not allowed in a PDF string (Unicode):
(hyperref)                removing `math shift' on input line 3.


Package hyperref Warning: Token not allowed in a PDF string (Unicode):
(hyperref)                removing `math shift' on input line 3.


<classghost_1_1NullObjective__inherit__graph.pdf, id=2637, 236.885pt x 487.8225
pt>
File: classghost_1_1NullObjective__inherit__graph.pdf Graphic file (type pdf)
 <use classghost_1_1NullObjective__inherit__graph.pdf>
Package pdftex.def Info: classghost_1_1NullObjective__inherit__graph.pdf used o
n input line 19.
(pdftex.def)             Requested size: 236.0pt x 486.01251pt.
 [48]
<classghost_1_1NullObjective__coll__graph.pdf, id=2642, 236.885pt x 640.3925pt>
File: classghost_1_1NullObjective__coll__graph.pdf Graphic file (type pdf)
<use classghost_1_1NullObjective__coll__graph.pdf>
Package pdftex.def Info: classghost_1_1NullObjective__coll__graph.pdf used on i
nput line 28.
(pdftex.def)             Requested size: 203.45326pt x 550.0pt.

Underfull \vbox (badness 10000) has occurred while \output is active []

 [49 <./classghost_1_1NullObjective__inherit__graph.pdf>] [50 <./classghost_1_1
NullObjective__coll__graph.pdf>]
Underfull \hbox (badness 10000) detected at line 83
[][][]
 []


Underfull \hbox (badness 10000) detected at line 86
[][][]
 []

[51]
Underfull \hbox (badness 10000) detected at line 115
[][][]
 []


Underfull \hbox (badness 10000) detected at line 118
[][][]
 []


Underfull \hbox (badness 10000) detected at line 147
[][][]
 []

) (./classghost_1_1Objective.tex

Package hyperref Warning: Token not allowed in a PDF string (Unicode):
(hyperref)                removing `math shift' on input line 3.


Package hyperref Warning: Token not allowed in a PDF string (Unicode):
(hyperref)                removing `math shift' on input line 3.


Package hyperref Warning: Token not allowed in a PDF string (Unicode):
(hyperref)                removing `math shift' on input line 3.


Package hyperref Warning: Token not allowed in a PDF string (Unicode):
(hyperref)                removing `math shift' on input line 3.


<classghost_1_1Objective__inherit__graph.pdf, id=2690, 236.885pt x 487.8225pt>
File: classghost_1_1Objective__inherit__graph.pdf Graphic file (type pdf)

<use classghost_1_1Objective__inherit__graph.pdf>
Package pdftex.def Info: classghost_1_1Objective__inherit__graph.pdf used on in
put line 19.
(pdftex.def)             Requested size: 236.0pt x 486.01251pt.

Underfull \vbox (badness 10000) has occurred while \output is active []

 [52]
<classghost_1_1Objective__coll__graph.pdf, id=2696, 236.885pt x 499.8675pt>
File: classghost_1_1Objective__coll__graph.pdf Graphic file (type pdf)

<use classghost_1_1Objective__coll__graph.pdf>
Package pdftex.def Info: classghost_1_1Objective__coll__graph.pdf used on input
 line 28.
(pdftex.def)             Requested size: 236.0pt x 498.01282pt.

Underfull \vbox (badness 10000) has occurred while \output is active []

 [53 <./classghost_1_1Objective__inherit__graph.pdf>] [54 <./classghost_1_1Obje
ctive__coll__graph.pdf>]
Underfull \hbox (badness 1406) in paragraph at lines 93--94
[]\T1/phv/m/n/10 In this class, each vir-tual func-tion fol-lows the Non--Virtu
al In-ter-face Id-iom (see [][]\T1/pcr/bc/it/10 http-://www.-gotw.-
 []

[55]
Underfull \hbox (badness 10000) detected at line 100
[][][]
 []


Underfull \hbox (badness 10000) detected at line 133
[][][]
 []


Underfull \hbox (badness 10000) detected at line 156
[][][]
 []

[56]
Underfull \hbox (badness 10000) detected at line 168
[][][]
 []


Underfull \hbox (badness 10000) detected at line 178
[][][]
 []


Underfull \hbox (badness 10000) detected at line 190
[][][]
 []


Underfull \hbox (badness 10000) detected at line 203
[][][]
 []


Underfull \hbox (badness 10000) detected at line 213
[][][]
 []

[57]
Underfull \hbox (badness 10000) detected at line 225
[][][]
 []


Underfull \hbox (badness 10000) detected at line 255
[][][]
 []


Underfull \hbox (badness 10000) detected at line 277
[][][]
 []


Underfull \hbox (badness 10000) detected at line 280
[][][]
 []

[58]
Underfull \hbox (badness 10000) detected at line 309
[][][]
 []


Underfull \hbox (badness 10000) detected at line 334
[][][]
 []


Underfull \hbox (badness 10000) detected at line 337
[][][]
 []


Underfull \hbox (badness 10000) detected at line 370
[][][]
 []


Underfull \hbox (badness 10000) detected at line 373
[][][]
 []

[59]
Underfull \hbox (badness 10000) detected at line 409
[][][]
 []


Underfull \hbox (badness 10000) detected at line 412
[][][]
 []


Underfull \hbox (badness 10000) detected at line 441
[][][]
 []

[60]) (./classghost_1_1Overlap.tex
<classghost_1_1Overlap__inherit__graph.pdf, id=2839, 210.7875pt x 449.68pt>
File: classghost_1_1Overlap__inherit__graph.pdf Graphic file (type pdf)

<use classghost_1_1Overlap__inherit__graph.pdf>
Package pdftex.def Info: classghost_1_1Overlap__inherit__graph.pdf used on inpu
t line 14.
(pdftex.def)             Requested size: 210.0pt x 448.01154pt.

<classghost_1_1Overlap__coll__graph.pdf, id=2840, 212.795pt x 1118.1775pt>
File: classghost_1_1Overlap__coll__graph.pdf Graphic file (type pdf)

<use classghost_1_1Overlap__coll__graph.pdf>
Package pdftex.def Info: classghost_1_1Overlap__coll__graph.pdf used on input l
ine 23.
(pdftex.def)             Requested size: 104.66983pt x 550.0pt.

Underfull \vbox (badness 10000) has occurred while \output is active []

 [61 <./classghost_1_1Overlap__inherit__graph.pdf>] [62 <./classghost_1_1Overla
p__coll__graph.pdf>]) (./classghost_1_1Random.tex
<classghost_1_1Random__coll__graph.pdf, id=2877, 168.63pt x 194.7275pt>
File: classghost_1_1Random__coll__graph.pdf Graphic file (type pdf)

<use classghost_1_1Random__coll__graph.pdf>
Package pdftex.def Info: classghost_1_1Random__coll__graph.pdf used on input li
ne 19.
(pdftex.def)             Requested size: 168.0pt x 194.00497pt.
 [63 <./classghost_1_1Random__coll__graph.pdf>]
Underfull \hbox (badness 10000) detected at line 88
[][][]
 []

) (./classghost_1_1Solver.tex

Package hyperref Warning: Token not allowed in a PDF string (Unicode):
(hyperref)                removing `math shift' on input line 3.


Package hyperref Warning: Token not allowed in a PDF string (Unicode):
(hyperref)                removing `math shift' on input line 3.


Package hyperref Warning: Token not allowed in a PDF string (Unicode):
(hyperref)                removing `math shift' on input line 3.


Package hyperref Warning: Token not allowed in a PDF string (Unicode):
(hyperref)                removing `math shift' on input line 3.

[64] <classghost_1_1Solver__coll__graph.pdf, id=2917, 236.885pt x 445.665pt>
File: classghost_1_1Solver__coll__graph.pdf Graphic file (type pdf)

<use classghost_1_1Solver__coll__graph.pdf>
Package pdftex.def Info: classghost_1_1Solver__coll__graph.pdf used on input li
ne 19.
(pdftex.def)             Requested size: 236.0pt x 444.01143pt.

Underfull \hbox (badness 2065) in paragraph at lines 25--26
[][][]\T1/phv/m/n/10 Solver[][] (vector$\OML/ztmcm/m/it/10 <$ \T1/phv/m/n/10 Ty
pe-Variable $\OML/ztmcm/m/it/10 >$ $\OMS/ztmcm/m/n/10 ^^C$[][]\T1/phv/m/n/10 ve
c-Variables[][], Type-Domain $\OMS/ztmcm/m/n/10 ^^C$[][]\T1/phv/m/n/10 domain[]
[], const vector$\OML/ztmcm/m/it/10 <$ \T1/phv/m/n/10 shared-_-ptr$\OML/ztmcm/m
/it/10 <$
 []

[65 <./classghost_1_1Solver__coll__graph.pdf>]
Underfull \hbox (badness 10000) detected at line 76
[][][]
 []

[66] [67]
Underfull \hbox (badness 10000) detected at line 173
[][][]
 []

[68]) (./classghost_1_1StartingTargetTiles.tex
<classghost_1_1StartingTargetTiles__inherit__graph.pdf, id=3024, 210.7875pt x 4
39.6425pt>
File: classghost_1_1StartingTargetTiles__inherit__graph.pdf Graphic file (type 
pdf)
 <use classghost_1_1StartingTargetTiles__inherit__graph.pdf>
Package pdftex.def Info: classghost_1_1StartingTargetTiles__inherit__graph.pdf 
used on input line 14.
(pdftex.def)             Requested size: 210.0pt x 438.01128pt.

Underfull \vbox (badness 10000) has occurred while \output is active []

 [69]
<classghost_1_1StartingTargetTiles__coll__graph.pdf, id=3029, 212.795pt x 1108.
14pt>
File: classghost_1_1StartingTargetTiles__coll__graph.pdf Graphic file (type pdf
)
 <use classghost_1_1StartingTargetTiles__coll__graph.pdf>
Package pdftex.def Info: classghost_1_1StartingTargetTiles__coll__graph.pdf use
d on input line 23.
(pdftex.def)             Requested size: 105.6147pt x 550.0pt.

Underfull \vbox (badness 10000) has occurred while \output is active []

 [70 <./classghost_1_1StartingTargetTiles__inherit__graph.pdf>] [71 <./classgho
st_1_1StartingTargetTiles__coll__graph.pdf>]) (./classghost_1_1TechTreeObj.tex
<classghost_1_1TechTreeObj__inherit__graph.pdf, id=3062, 228.855pt x 594.22pt>
File: classghost_1_1TechTreeObj__inherit__graph.pdf Graphic file (type pdf)

<use classghost_1_1TechTreeObj__inherit__graph.pdf>
Package pdftex.def Info: classghost_1_1TechTreeObj__inherit__graph.pdf used on 
input line 14.
(pdftex.def)             Requested size: 211.83421pt x 550.0pt.

Underfull \vbox (badness 10000) has occurred while \output is active []

 [72]
<classghost_1_1TechTreeObj__coll__graph.pdf, id=3070, 228.855pt x 748.7975pt>
File: classghost_1_1TechTreeObj__coll__graph.pdf Graphic file (type pdf)

<use classghost_1_1TechTreeObj__coll__graph.pdf>
Package pdftex.def Info: classghost_1_1TechTreeObj__coll__graph.pdf used on inp
ut line 23.
(pdftex.def)             Requested size: 168.10338pt x 550.0pt.

Underfull \vbox (badness 10000) has occurred while \output is active []

 [73 <./classghost_1_1TechTreeObj__inherit__graph.pdf>] [74 <./classghost_1_1Te
chTreeObj__coll__graph.pdf>]
Underfull \hbox (badness 10000) detected at line 68
[][][]
 []


Underfull \hbox (badness 10000) detected at line 71
[][][]
 []


Underfull \hbox (badness 10000) detected at line 100
[][][]
 []


Underfull \hbox (badness 10000) detected at line 103
[][][]
 []

) (./classghost_1_1Variable.tex [75]
<classghost_1_1Variable__inherit__graph.pdf, id=3114, 174.6525pt x 642.4pt>
File: classghost_1_1Variable__inherit__graph.pdf Graphic file (type pdf)

<use classghost_1_1Variable__inherit__graph.pdf>
Package pdftex.def Info: classghost_1_1Variable__inherit__graph.pdf used on inp
ut line 19.
(pdftex.def)             Requested size: 149.53464pt x 550.0pt.

<classghost_1_1Variable__coll__graph.pdf, id=3115, 174.6525pt x 315.1775pt>
File: classghost_1_1Variable__coll__graph.pdf Graphic file (type pdf)

<use classghost_1_1Variable__coll__graph.pdf>
Package pdftex.def Info: classghost_1_1Variable__coll__graph.pdf used on input 
line 28.
(pdftex.def)             Requested size: 174.0pt x 314.0177pt.

Underfull \vbox (badness 10000) has occurred while \output is active []

 [76 <./classghost_1_1Variable__inherit__graph.pdf>] [77 <./classghost_1_1Varia
ble__coll__graph.pdf>] [78]
Underfull \hbox (badness 10000) detected at line 129
[][][]
 []


Underfull \hbox (badness 10000) detected at line 148
[][][]
 []


Package hyperref Warning: Token not allowed in a PDF string (Unicode):
(hyperref)                removing `math shift' on input line 204.


Package hyperref Warning: Token not allowed in a PDF string (Unicode):
(hyperref)                removing `math shift' on input line 204.

[79]
Underfull \hbox (badness 10000) detected at line 223
[][][]
 []


Package hyperref Warning: Token not allowed in a PDF string (Unicode):
(hyperref)                removing `math shift' on input line 295.


Package hyperref Warning: Token not allowed in a PDF string (Unicode):
(hyperref)                removing `math shift' on input line 295.


Package hyperref Warning: Token not allowed in a PDF string (Unicode):
(hyperref)                removing `math shift' on input line 295.


Package hyperref Warning: Token not allowed in a PDF string (Unicode):
(hyperref)                removing `math shift' on input line 295.

[80]) (./classghost_1_1WallinConstraint.tex
<classghost_1_1WallinConstraint__inherit__graph.pdf, id=3226, 613.29124pt x 449
.68pt>
File: classghost_1_1WallinConstraint__inherit__graph.pdf Graphic file (type pdf
)
 <use classghost_1_1WallinConstraint__inherit__graph.pdf>
Package pdftex.def Info: classghost_1_1WallinConstraint__inherit__graph.pdf use
d on input line 14.
(pdftex.def)             Requested size: 350.0pt x 256.62903pt.

<classghost_1_1WallinConstraint__coll__graph.pdf, id=3227, 212.795pt x 999.735p
t>
File: classghost_1_1WallinConstraint__coll__graph.pdf Graphic file (type pdf)
 <use classghost_1_1WallinConstraint__coll__graph.pdf>
Package pdftex.def Info: classghost_1_1WallinConstraint__coll__graph.pdf used o
n input line 23.
(pdftex.def)             Requested size: 117.07332pt x 550.0pt.

Underfull \vbox (badness 10000) has occurred while \output is active []

 [81 <./classghost_1_1WallinConstraint__inherit__graph.pdf>] [82 <./classghost_
1_1WallinConstraint__coll__graph.pdf>]
Underfull \hbox (badness 10000) detected at line 77
[][][]
 []


Underfull \hbox (badness 10000) detected at line 80
[][][]
 []

[83]
Underfull \hbox (badness 10000) detected at line 118
[][][]
 []


Underfull \hbox (badness 10000) detected at line 121
[][][]
 []

) (./classghost_1_1WallinDomain.tex
<classghost_1_1WallinDomain__inherit__graph.pdf, id=3280, 212.795pt x 554.07pt>
File: classghost_1_1WallinDomain__inherit__graph.pdf Graphic file (type pdf)
<use classghost_1_1WallinDomain__inherit__graph.pdf>
Package pdftex.def Info: classghost_1_1WallinDomain__inherit__graph.pdf used on
 input line 14.
(pdftex.def)             Requested size: 211.23265pt x 550.0pt.

Underfull \vbox (badness 10000) has occurred while \output is active []

 [84]
<classghost_1_1WallinDomain__coll__graph.pdf, id=3285, 212.795pt x 706.64pt>
File: classghost_1_1WallinDomain__coll__graph.pdf Graphic file (type pdf)

<use classghost_1_1WallinDomain__coll__graph.pdf>
Package pdftex.def Info: classghost_1_1WallinDomain__coll__graph.pdf used on in
put line 23.
(pdftex.def)             Requested size: 165.62549pt x 550.0pt.

Underfull \vbox (badness 10000) has occurred while \output is active []

 [85 <./classghost_1_1WallinDomain__inherit__graph.pdf>] [86 <./classghost_1_1W
allinDomain__coll__graph.pdf>] [87] [88]

Package hyperref Warning: Token not allowed in a PDF string (Unicode):
(hyperref)                removing `math shift' on input line 418.


Package hyperref Warning: Token not allowed in a PDF string (Unicode):
(hyperref)                removing `math shift' on input line 418.


Package hyperref Warning: Token not allowed in a PDF string (Unicode):
(hyperref)                removing `math shift' on input line 418.


Package hyperref Warning: Token not allowed in a PDF string (Unicode):
(hyperref)                removing `math shift' on input line 418.

) (./classghost_1_1WallinObjective.tex
<classghost_1_1WallinObjective__inherit__graph.pdf, id=3439, 664.4825pt x 616.3
025pt>
File: classghost_1_1WallinObjective__inherit__graph.pdf Graphic file (type pdf)

 <use classghost_1_1WallinObjective__inherit__graph.pdf>
Package pdftex.def Info: classghost_1_1WallinObjective__inherit__graph.pdf used
 on input line 14.
(pdftex.def)             Requested size: 350.0pt x 324.62631pt.
 [89]
<classghost_1_1WallinObjective__coll__graph.pdf, id=3445, 228.855pt x 630.355pt
>
File: classghost_1_1WallinObjective__coll__graph.pdf Graphic file (type pdf)
 <use classghost_1_1WallinObjective__coll__graph.pdf>
Package pdftex.def Info: classghost_1_1WallinObjective__coll__graph.pdf used on
 input line 23.
(pdftex.def)             Requested size: 199.69238pt x 550.0pt.

Underfull \vbox (badness 10000) has occurred while \output is active []

 [90 <./classghost_1_1WallinObjective__inherit__graph.pdf>] [91 <./classghost_1
_1WallinObjective__coll__graph.pdf>]
Underfull \hbox (badness 10000) detected at line 82
[][][]
 []


Underfull \hbox (badness 10000) detected at line 85
[][][]
 []

[92]
Underfull \hbox (badness 10000) detected at line 125
[][][]
 []


Underfull \hbox (badness 10000) detected at line 128
[][][]
 []


Underfull \hbox (badness 10000) detected at line 157
[][][]
 []

) [93] [94

]
Chapter 8.
(./mainpage_8dox.tex) (./constraint_8hpp.tex
<constraint_8hpp__incl.pdf, id=3509, 595.22375pt x 281.05pt>
File: constraint_8hpp__incl.pdf Graphic file (type pdf)

<use constraint_8hpp__incl.pdf>
Package pdftex.def Info: constraint_8hpp__incl.pdf used on input line 13.
(pdftex.def)             Requested size: 350.0pt x 165.26054pt.

<constraint_8hpp__dep__incl.pdf, id=3510, 714.67pt x 293.095pt>
File: constraint_8hpp__dep__incl.pdf Graphic file (type pdf)

<use constraint_8hpp__dep__incl.pdf>
Package pdftex.def Info: constraint_8hpp__dep__incl.pdf used on input line 20.
(pdftex.def)             Requested size: 350.0pt x 143.5373pt.

Underfull \vbox (badness 10000) has occurred while \output is active []

 [95 <./constraint_8hpp__incl.pdf>]) (./wallinConstraint_8hpp.tex
<wallinConstraint_8hpp__incl.pdf, id=3526, 1065.9825pt x 337.26pt>
File: wallinConstraint_8hpp__incl.pdf Graphic file (type pdf)

<use wallinConstraint_8hpp__incl.pdf>
Package pdftex.def Info: wallinConstraint_8hpp__incl.pdf used on input line 16.

(pdftex.def)             Requested size: 350.0pt x 110.7352pt.

<wallinConstraint_8hpp__dep__incl.pdf, id=3527, 640.3925pt x 224.84pt>
File: wallinConstraint_8hpp__dep__incl.pdf Graphic file (type pdf)

<use wallinConstraint_8hpp__dep__incl.pdf>
Package pdftex.def Info: wallinConstraint_8hpp__dep__incl.pdf used on input lin
e 23.
(pdftex.def)             Requested size: 350.0pt x 122.88702pt.

Underfull \vbox (badness 4072) has occurred while \output is active []

 [96 <./constraint_8hpp__dep__incl.pdf> <./wallinConstraint_8hpp__incl.pdf

pdfTeX warning: pdflatex (file ./wallinConstraint_8hpp__incl.pdf): PDF inclusio
n: multiple pdfs with page group included in a single page
>]) (./domain_8hpp.tex <domain_8hpp__incl.pdf, id=3551, 538.01pt x 212.795pt>
File: domain_8hpp__incl.pdf Graphic file (type pdf)

<use domain_8hpp__incl.pdf>
Package pdftex.def Info: domain_8hpp__incl.pdf used on input line 14.
(pdftex.def)             Requested size: 350.0pt x 138.43199pt.

<domain_8hpp__dep__incl.pdf, id=3552, 837.1275pt x 337.26pt>
File: domain_8hpp__dep__incl.pdf Graphic file (type pdf)

<use domain_8hpp__dep__incl.pdf>
Package pdftex.def Info: domain_8hpp__dep__incl.pdf used on input line 21.
(pdftex.def)             Requested size: 350.0pt x 141.00496pt.

Underfull \vbox (badness 1072) has occurred while \output is active []

 [97 <./wallinConstraint_8hpp__dep__incl.pdf> <./domain_8hpp__incl.pdf

pdfTeX warning: pdflatex (file ./domain_8hpp__incl.pdf): PDF inclusion: multipl
e pdfs with page group included in a single page
>]) (./wallinDomain_8hpp.tex
<wallinDomain_8hpp__incl.pdf, id=3574, 640.3925pt x 269.005pt>
File: wallinDomain_8hpp__incl.pdf Graphic file (type pdf)

<use wallinDomain_8hpp__incl.pdf>
Package pdftex.def Info: wallinDomain_8hpp__incl.pdf used on input line 16.
(pdftex.def)             Requested size: 350.0pt x 147.02554pt.

<wallinDomain_8hpp__dep__incl.pdf, id=3575, 842.14626pt x 281.05pt>
File: wallinDomain_8hpp__dep__incl.pdf Graphic file (type pdf)

<use wallinDomain_8hpp__dep__incl.pdf>
Package pdftex.def Info: wallinDomain_8hpp__dep__incl.pdf used on input line 23
.
(pdftex.def)             Requested size: 350.0pt x 116.8051pt.

Underfull \vbox (badness 1043) has occurred while \output is active []

 [98 <./domain_8hpp__dep__incl.pdf> <./wallinDomain_8hpp__incl.pdf

pdfTeX warning: pdflatex (file ./wallinDomain_8hpp__incl.pdf): PDF inclusion: m
ultiple pdfs with page group included in a single page
>]) (./constants_8hpp.tex
<constants_8hpp__dep__incl.pdf, id=3596, 711.65875pt x 417.56pt>
File: constants_8hpp__dep__incl.pdf Graphic file (type pdf)

<use constants_8hpp__dep__incl.pdf>
Package pdftex.def Info: constants_8hpp__dep__incl.pdf used on input line 8.
(pdftex.def)             Requested size: 350.0pt x 205.358pt.
 [99 <./wallinDomain_8hpp__dep__incl.pdf> <./constants_8hpp__dep__incl.pdf

pdfTeX warning: pdflatex (file ./constants_8hpp__dep__incl.pdf): PDF inclusion:
 multiple pdfs with page group included in a single page
>]) (./races_8hpp.tex
<races_8hpp__dep__incl.pdf, id=3620, 1071.00125pt x 393.47pt>
File: races_8hpp__dep__incl.pdf Graphic file (type pdf)

<use races_8hpp__dep__incl.pdf>
Package pdftex.def Info: races_8hpp__dep__incl.pdf used on input line 8.
(pdftex.def)             Requested size: 350.0pt x 128.58469pt.
) (./random_8hpp.tex
<random_8hpp__incl.pdf, id=3627, 204.765pt x 156.585pt>
File: random_8hpp__incl.pdf Graphic file (type pdf)

<use random_8hpp__incl.pdf>
Package pdftex.def Info: random_8hpp__incl.pdf used on input line 10.
(pdftex.def)             Requested size: 204.0pt x 156.00879pt.

<random_8hpp__dep__incl.pdf, id=3628, 841.1425pt x 417.56pt>
File: random_8hpp__dep__incl.pdf Graphic file (type pdf)

<use random_8hpp__dep__incl.pdf>
Package pdftex.def Info: random_8hpp__dep__incl.pdf used on input line 17.
(pdftex.def)             Requested size: 350.0pt x 173.74927pt.
 [100 <./races_8hpp__dep__incl.pdf> <./random_8hpp__incl.pdf

pdfTeX warning: pdflatex (file ./random_8hpp__incl.pdf): PDF inclusion: multipl
e pdfs with page group included in a single page
>]) (./wallinProtoss_8hpp.tex
<wallinProtoss_8hpp__incl.pdf, id=3650, 1120.185pt x 325.215pt>
File: wallinProtoss_8hpp__incl.pdf Graphic file (type pdf)

<use wallinProtoss_8hpp__incl.pdf>
Package pdftex.def Info: wallinProtoss_8hpp__incl.pdf used on input line 13.
(pdftex.def)             Requested size: 350.0pt x 101.61455pt.
 [101 <./random_8hpp__dep__incl.pdf> <./wallinProtoss_8hpp__incl.pdf

pdfTeX warning: pdflatex (file ./wallinProtoss_8hpp__incl.pdf): PDF inclusion: 
multiple pdfs with page group included in a single page
>]) (./wallinTerran_8hpp.tex
<wallinTerran_8hpp__incl.pdf, id=3688, 1073.00874pt x 381.425pt>
File: wallinTerran_8hpp__incl.pdf Graphic file (type pdf)

<use wallinTerran_8hpp__incl.pdf>
Package pdftex.def Info: wallinTerran_8hpp__incl.pdf used on input line 13.
(pdftex.def)             Requested size: 350.0pt x 124.41562pt.

<wallinTerran_8hpp__dep__incl.pdf, id=3689, 226.8475pt x 156.585pt>
File: wallinTerran_8hpp__dep__incl.pdf Graphic file (type pdf)

<use wallinTerran_8hpp__dep__incl.pdf>
Package pdftex.def Info: wallinTerran_8hpp__dep__incl.pdf used on input line 20
.
(pdftex.def)             Requested size: 226.0pt x 156.00162pt.
 [102 <./wallinTerran_8hpp__incl.pdf>])
(./objective_8hpp.tex
<objective_8hpp__incl.pdf, id=3706, 504.88625pt x 224.84pt>
File: objective_8hpp__incl.pdf Graphic file (type pdf)

<use objective_8hpp__incl.pdf>
Package pdftex.def Info: objective_8hpp__incl.pdf used on input line 13.
(pdftex.def)             Requested size: 350.0pt x 155.86708pt.

<objective_8hpp__dep__incl.pdf, id=3707, 831.105pt x 361.35pt>
File: objective_8hpp__dep__incl.pdf Graphic file (type pdf)

<use objective_8hpp__dep__incl.pdf>
Package pdftex.def Info: objective_8hpp__dep__incl.pdf used on input line 20.
(pdftex.def)             Requested size: 350.0pt x 152.17398pt.
 [103 <./wallinTerran_8hpp__dep__incl.pdf> <./objective_8hpp__incl.pdf

pdfTeX warning: pdflatex (file ./objective_8hpp__incl.pdf): PDF inclusion: mult
iple pdfs with page group included in a single page
>]) (./wallinObjective_8hpp.tex
<wallinObjective_8hpp__incl.pdf, id=3731, 911.405pt x 337.26pt>
File: wallinObjective_8hpp__incl.pdf Graphic file (type pdf)

<use wallinObjective_8hpp__incl.pdf>
Package pdftex.def Info: wallinObjective_8hpp__incl.pdf used on input line 13.
(pdftex.def)             Requested size: 350.0pt x 129.5187pt.

<wallinObjective_8hpp__dep__incl.pdf, id=3732, 336.25626pt x 168.63pt>
File: wallinObjective_8hpp__dep__incl.pdf Graphic file (type pdf)

<use wallinObjective_8hpp__dep__incl.pdf>
Package pdftex.def Info: wallinObjective_8hpp__dep__incl.pdf used on input line
 20.
(pdftex.def)             Requested size: 335.0pt x 168.00174pt.

Underfull \vbox (badness 1325) has occurred while \output is active []

 [104 <./objective_8hpp__dep__incl.pdf> <./wallinObjective_8hpp__incl.pdf

pdfTeX warning: pdflatex (file ./wallinObjective_8hpp__incl.pdf): PDF inclusion
: multiple pdfs with page group included in a single page
>]) (./solver_8hpp.tex
<solver_8hpp__incl.pdf, id=3757, 1227.58624pt x 325.215pt>
File: solver_8hpp__incl.pdf Graphic file (type pdf)

<use solver_8hpp__incl.pdf>
Package pdftex.def Info: solver_8hpp__incl.pdf used on input line 25.
(pdftex.def)             Requested size: 350.0pt x 92.72197pt.

Underfull \vbox (badness 1205) has occurred while \output is active []

 [105 <./wallinObjective_8hpp__dep__incl.pdf>]
<solver_8hpp__dep__incl.pdf, id=3770, 174.6525pt x 156.585pt>
File: solver_8hpp__dep__incl.pdf Graphic file (type pdf)

<use solver_8hpp__dep__incl.pdf>
Package pdftex.def Info: solver_8hpp__dep__incl.pdf used on input line 32.
(pdftex.def)             Requested size: 174.0pt x 156.00879pt.
) (./building_8hpp.tex
<building_8hpp__incl.pdf, id=3774, 327.2225pt x 212.795pt>
File: building_8hpp__incl.pdf Graphic file (type pdf)

<use building_8hpp__incl.pdf>
Package pdftex.def Info: building_8hpp__incl.pdf used on input line 10.
(pdftex.def)             Requested size: 326.0pt x 211.99895pt.

Underfull \vbox (badness 10000) has occurred while \output is active []

 [106 <./solver_8hpp__incl.pdf> <./solver_8hpp__dep__incl.pdf

pdfTeX warning: pdflatex (file ./solver_8hpp__dep__incl.pdf): PDF inclusion: mu
ltiple pdfs with page group included in a single page
>] <building_8hpp__dep__incl.pdf, id=3792, 1071.00125pt x 337.26pt>
File: building_8hpp__dep__incl.pdf Graphic file (type pdf)

<use building_8hpp__dep__incl.pdf>
Package pdftex.def Info: building_8hpp__dep__incl.pdf used on input line 17.
(pdftex.def)             Requested size: 350.0pt x 110.21544pt.
) (./variable_8hpp.tex
<variable_8hpp__incl.pdf, id=3795, 278.03876pt x 156.585pt>
File: variable_8hpp__incl.pdf Graphic file (type pdf)

<use variable_8hpp__incl.pdf>
Package pdftex.def Info: variable_8hpp__incl.pdf used on input line 11.
(pdftex.def)             Requested size: 277.0pt x 156.00162pt.

Underfull \vbox (badness 2818) has occurred while \output is active []

 [107 <./building_8hpp__incl.pdf> <./building_8hpp__dep__incl.pdf

pdfTeX warning: pdflatex (file ./building_8hpp__dep__incl.pdf): PDF inclusion: 
multiple pdfs with page group included in a single page
>] <variable_8hpp__dep__incl.pdf, id=3813, 1014.79124pt x 393.47pt>
File: variable_8hpp__dep__incl.pdf Graphic file (type pdf)

<use variable_8hpp__dep__incl.pdf>
Package pdftex.def Info: variable_8hpp__dep__incl.pdf used on input line 18.
(pdftex.def)             Requested size: 350.0pt x 135.70526pt.
) (./wallinConstraint_8cpp.tex
<wallinConstraint_8cpp__incl.pdf, id=3817, 1065.9825pt x 393.47pt>
File: wallinConstraint_8cpp__incl.pdf Graphic file (type pdf)

<use wallinConstraint_8cpp__incl.pdf>
Package pdftex.def Info: wallinConstraint_8cpp__incl.pdf used on input line 9.
(pdftex.def)             Requested size: 350.0pt x 129.19107pt.

Underfull \vbox (badness 7397) has occurred while \output is active []

 [108 <./variable_8hpp__incl.pdf> <./variable_8hpp__dep__incl.pdf

pdfTeX warning: pdflatex (file ./variable_8hpp__dep__incl.pdf): PDF inclusion: 
multiple pdfs with page group included in a single page
>]) (./wallinDomain_8cpp.tex
<wallinDomain_8cpp__incl.pdf, id=3836, 781.92125pt x 337.26pt>
File: wallinDomain_8cpp__incl.pdf Graphic file (type pdf)

<use wallinDomain_8cpp__incl.pdf>
Package pdftex.def Info: wallinDomain_8cpp__incl.pdf used on input line 11.
(pdftex.def)             Requested size: 350.0pt x 150.96278pt.
) (./main_8cpp.tex
<main_8cpp__incl.pdf, id=3839, 1782.66pt x 473.77pt>
File: main_8cpp__incl.pdf Graphic file (type pdf)
 <use main_8cpp__incl.pdf>
Package pdftex.def Info: main_8cpp__incl.pdf used on input line 19.
(pdftex.def)             Requested size: 350.0pt x 93.01732pt.

[109 <./wallinConstraint_8cpp__incl.pdf> <./wallinDomain_8cpp__incl.pdf

pdfTeX warning: pdflatex (file ./wallinDomain_8cpp__incl.pdf): PDF inclusion: m
ultiple pdfs with page group included in a single page
>]) (./wallinObjective_8cpp.tex
<wallinObjective_8cpp__incl.pdf, id=3861, 1184.425pt x 393.47pt>
File: wallinObjective_8cpp__incl.pdf Graphic file (type pdf)

<use wallinObjective_8cpp__incl.pdf>
Package pdftex.def Info: wallinObjective_8cpp__incl.pdf used on input line 20.
(pdftex.def)             Requested size: 350.0pt x 116.27077pt.

Underfull \vbox (badness 10000) has occurred while \output is active []

 [110 <./main_8cpp__incl.pdf>]) (./building_8cpp.tex
<building_8cpp__incl.pdf, id=3875, 323.2075pt x 281.05pt>
File: building_8cpp__incl.pdf Graphic file (type pdf)

<use building_8cpp__incl.pdf>
Package pdftex.def Info: building_8cpp__incl.pdf used on input line 10.
(pdftex.def)             Requested size: 322.0pt x 280.01578pt.
 [111 <./wallinObjective_8cpp__incl.pdf> <./building_8cpp__incl.pdf

pdfTeX warning: pdflatex (file ./building_8cpp__incl.pdf): PDF inclusion: multi
ple pdfs with page group included in a single page
>]) (./variable_8cpp.tex
<variable_8cpp__incl.pdf, id=3895, 278.03876pt x 224.84pt>
File: variable_8cpp__incl.pdf Graphic file (type pdf)

<use variable_8cpp__incl.pdf>
Package pdftex.def Info: variable_8cpp__incl.pdf used on input line 9.
(pdftex.def)             Requested size: 277.0pt x 224.00233pt.
) [112 <./variable_8cpp__incl.pdf>]
No file refman.ind.
Package atveryend Info: Empty hook `BeforeClearDocument' on input line 195.
Package atveryend Info: Empty hook `AfterLastShipout' on input line 195.
(./refman.aux)
Package atveryend Info: Executing hook `AtVeryEndDocument' on input line 195.
Package atveryend Info: Executing hook `AtEndAfterFileList' on input line 195.
Package rerunfilecheck Info: File `refman.out' has not changed.
(rerunfilecheck)             Checksum: 7B8A27A151E779D5A9813E19E883EF12;54758.


LaTeX Font Warning: Some font shapes were not available, defaults substituted.

Package atveryend Info: Empty hook `AtVeryVeryEnd' on input line 195.
 ) 
Here is how much of TeX's memory you used:
 14075 strings out of 494756
 225903 string characters out of 6175150
 272393 words of memory out of 5000000
 16224 multiletter control sequences out of 15000+600000
 94986 words of font info for 140 fonts, out of 8000000 for 9000
 80 hyphenation exceptions out of 8191
 48i,13n,43p,1006b,522s stack positions out of 5000i,500n,10000p,200000b,80000s
{/usr/share/texlive/texmf-dist/fonts/enc/dvips/base/8r.enc}</usr/share/texliv
e/texmf-dist/fonts/type1/public/amsfonts/cm/cmmi10.pfb></usr/share/texlive/texm
f-dist/fonts/type1/public/amsfonts/cm/cmr10.pfb></usr/share/texlive/texmf-dist/
fonts/type1/public/amsfonts/cm/cmsy10.pfb></usr/share/texlive/texmf-dist/fonts/
type1/urw/courier/ucrr8a.pfb></usr/share/texlive/texmf-dist/fonts/type1/urw/hel
vetic/uhvb8a.pfb></usr/share/texlive/texmf-dist/fonts/type1/urw/helvetic/uhvb8a
c.pfb></usr/share/texlive/texmf-dist/fonts/type1/urw/helvetic/uhvbo8a.pfb></usr
/share/texlive/texmf-dist/fonts/type1/urw/helvetic/uhvbo8ac.pfb></usr/share/tex
live/texmf-dist/fonts/type1/urw/helvetic/uhvr8a.pfb></usr/share/texlive/texmf-d
ist/fonts/type1/urw/helvetic/uhvro8a.pfb>
Output written on refman.pdf (124 pages, 556477 bytes).
PDF statistics:
 4120 PDF objects out of 4296 (max. 8388607)
 3815 compressed objects within 39 object streams
 829 named destinations out of 1000 (max. 500000)
 3038 words of extra memory for PDF output out of 10000 (max. 10000000)

