\BOOKMARK [0][-]{chapter.1}{\376\377\000G\000H\000O\000S\000T}{}% 1
\BOOKMARK [0][-]{chapter.2}{\376\377\000N\000a\000m\000e\000s\000p\000a\000c\000e\000\040\000I\000n\000d\000e\000x}{}% 2
\BOOKMARK [1][-]{section.2.1}{\376\377\000N\000a\000m\000e\000s\000p\000a\000c\000e\000\040\000L\000i\000s\000t}{chapter.2}% 3
\BOOKMARK [0][-]{chapter.3}{\376\377\000H\000i\000e\000r\000a\000r\000c\000h\000i\000c\000a\000l\000\040\000I\000n\000d\000e\000x}{}% 4
\BOOKMARK [1][-]{section.3.1}{\376\377\000C\000l\000a\000s\000s\000\040\000H\000i\000e\000r\000a\000r\000c\000h\000y}{chapter.3}% 5
\BOOKMARK [0][-]{chapter.4}{\376\377\000C\000l\000a\000s\000s\000\040\000I\000n\000d\000e\000x}{}% 6
\BOOKMARK [1][-]{section.4.1}{\376\377\000C\000l\000a\000s\000s\000\040\000L\000i\000s\000t}{chapter.4}% 7
\BOOKMARK [0][-]{chapter.5}{\376\377\000F\000i\000l\000e\000\040\000I\000n\000d\000e\000x}{}% 8
\BOOKMARK [1][-]{section.5.1}{\376\377\000F\000i\000l\000e\000\040\000L\000i\000s\000t}{chapter.5}% 9
\BOOKMARK [0][-]{chapter.6}{\376\377\000N\000a\000m\000e\000s\000p\000a\000c\000e\000\040\000D\000o\000c\000u\000m\000e\000n\000t\000a\000t\000i\000o\000n}{}% 10
\BOOKMARK [1][-]{section.6.1}{\376\377\000g\000h\000o\000s\000t\000\040\000N\000a\000m\000e\000s\000p\000a\000c\000e\000\040\000R\000e\000f\000e\000r\000e\000n\000c\000e}{chapter.6}% 11
\BOOKMARK [2][-]{subsection.6.1.1}{\376\377\000T\000y\000p\000e\000d\000e\000f\000\040\000D\000o\000c\000u\000m\000e\000n\000t\000a\000t\000i\000o\000n}{section.6.1}% 12
\BOOKMARK [3][-]{subsubsection.6.1.1.1}{\376\377\000m\000a\000p\000F\000a\000i\000l}{subsection.6.1.1}% 13
\BOOKMARK [2][-]{subsection.6.1.2}{\376\377\000E\000n\000u\000m\000e\000r\000a\000t\000i\000o\000n\000\040\000T\000y\000p\000e\000\040\000D\000o\000c\000u\000m\000e\000n\000t\000a\000t\000i\000o\000n}{section.6.1}% 14
\BOOKMARK [3][-]{subsubsection.6.1.2.1}{\376\377\000R\000a\000c\000e}{subsection.6.1.2}% 15
\BOOKMARK [2][-]{subsection.6.1.3}{\376\377\000F\000u\000n\000c\000t\000i\000o\000n\000\040\000D\000o\000c\000u\000m\000e\000n\000t\000a\000t\000i\000o\000n}{section.6.1}% 16
\BOOKMARK [3][-]{subsubsection.6.1.3.1}{\376\377\000f\000a\000c\000t\000o\000r\000y\000T\000e\000r\000r\000a\000n\000B\000u\000i\000l\000d\000i\000n\000g}{subsection.6.1.3}% 17
\BOOKMARK [3][-]{subsubsection.6.1.3.2}{\376\377\000m\000a\000k\000e\000P\000r\000o\000t\000o\000s\000s\000B\000u\000i\000l\000d\000i\000n\000g\000s}{subsection.6.1.3}% 18
\BOOKMARK [3][-]{subsubsection.6.1.3.3}{\376\377\000m\000a\000k\000e\000P\000r\000o\000t\000o\000s\000s\000C\000o\000n\000s\000t\000r\000a\000i\000n\000t\000s}{subsection.6.1.3}% 19
\BOOKMARK [3][-]{subsubsection.6.1.3.4}{\376\377\000m\000a\000k\000e\000T\000e\000r\000r\000a\000n\000B\000u\000i\000l\000d\000i\000n\000g\000s}{subsection.6.1.3}% 20
\BOOKMARK [3][-]{subsubsection.6.1.3.5}{\376\377\000m\000a\000k\000e\000T\000e\000r\000r\000a\000n\000C\000o\000n\000s\000t\000r\000a\000i\000n\000t\000s}{subsection.6.1.3}% 21
\BOOKMARK [3][-]{subsubsection.6.1.3.6}{\376\377\000o\000p\000e\000r\000a\000t\000o\000r\000<\000<}{subsection.6.1.3}% 22
\BOOKMARK [3][-]{subsubsection.6.1.3.7}{\376\377\000o\000p\000e\000r\000a\000t\000o\000r\000<\000<}{subsection.6.1.3}% 23
\BOOKMARK [2][-]{subsection.6.1.4}{\376\377\000V\000a\000r\000i\000a\000b\000l\000e\000\040\000D\000o\000c\000u\000m\000e\000n\000t\000a\000t\000i\000o\000n}{section.6.1}% 24
\BOOKMARK [3][-]{subsubsection.6.1.4.1}{\376\377\000b\000u\000i\000l\000d\000a\000b\000l\000e}{subsection.6.1.4}% 25
\BOOKMARK [3][-]{subsubsection.6.1.4.2}{\376\377\000c}{subsection.6.1.4}% 26
\BOOKMARK [3][-]{subsubsection.6.1.4.3}{\376\377\000f}{subsection.6.1.4}% 27
\BOOKMARK [3][-]{subsubsection.6.1.4.4}{\376\377\000g\0001}{subsection.6.1.4}% 28
\BOOKMARK [3][-]{subsubsection.6.1.4.5}{\376\377\000g\0002}{subsection.6.1.4}% 29
\BOOKMARK [3][-]{subsubsection.6.1.4.6}{\376\377\000n\000o\000G\000a\000p\000s}{subsection.6.1.4}% 30
\BOOKMARK [3][-]{subsubsection.6.1.4.7}{\376\377\000o\000v\000e\000r\000l\000a\000p}{subsection.6.1.4}% 31
\BOOKMARK [3][-]{subsubsection.6.1.4.8}{\376\377\000p\0001}{subsection.6.1.4}% 32
\BOOKMARK [3][-]{subsubsection.6.1.4.9}{\376\377\000p\0002}{subsection.6.1.4}% 33
\BOOKMARK [3][-]{subsubsection.6.1.4.10}{\376\377\000p\000y\000l\000o\000n\000s}{subsection.6.1.4}% 34
\BOOKMARK [3][-]{subsubsection.6.1.4.11}{\376\377\000s}{subsection.6.1.4}% 35
\BOOKMARK [3][-]{subsubsection.6.1.4.12}{\376\377\000s\000p\000e\000c\000i\000a\000l\000T\000i\000l\000e\000s}{subsection.6.1.4}% 36
\BOOKMARK [3][-]{subsubsection.6.1.4.13}{\376\377\000y\0001}{subsection.6.1.4}% 37
\BOOKMARK [3][-]{subsubsection.6.1.4.14}{\376\377\000y\0002}{subsection.6.1.4}% 38
\BOOKMARK [3][-]{subsubsection.6.1.4.15}{\376\377\000y\0003}{subsection.6.1.4}% 39
\BOOKMARK [3][-]{subsubsection.6.1.4.16}{\376\377\000y\0004}{subsection.6.1.4}% 40
\BOOKMARK [0][-]{chapter.7}{\376\377\000C\000l\000a\000s\000s\000\040\000D\000o\000c\000u\000m\000e\000n\000t\000a\000t\000i\000o\000n}{}% 41
\BOOKMARK [1][-]{section.7.1}{\376\377\000g\000h\000o\000s\000t\000:\000:\000B\000u\000i\000l\000d\000a\000b\000l\000e\000\040\000C\000l\000a\000s\000s\000\040\000R\000e\000f\000e\000r\000e\000n\000c\000e}{chapter.7}% 42
\BOOKMARK [2][-]{subsection.7.1.1}{\376\377\000C\000o\000n\000s\000t\000r\000u\000c\000t\000o\000r\000\040\000\046\000\040\000D\000e\000s\000t\000r\000u\000c\000t\000o\000r\000\040\000D\000o\000c\000u\000m\000e\000n\000t\000a\000t\000i\000o\000n}{section.7.1}% 43
\BOOKMARK [3][-]{subsubsection.7.1.1.1}{\376\377\000B\000u\000i\000l\000d\000a\000b\000l\000e}{subsection.7.1.1}% 44
\BOOKMARK [2][-]{subsection.7.1.2}{\376\377\000M\000e\000m\000b\000e\000r\000\040\000F\000u\000n\000c\000t\000i\000o\000n\000\040\000D\000o\000c\000u\000m\000e\000n\000t\000a\000t\000i\000o\000n}{section.7.1}% 45
\BOOKMARK [3][-]{subsubsection.7.1.2.1}{\376\377\000v\000\137\000c\000o\000s\000t}{subsection.7.1.2}% 46
\BOOKMARK [3][-]{subsubsection.7.1.2.2}{\376\377\000v\000\137\000s\000i\000m\000u\000l\000a\000t\000e\000C\000o\000s\000t}{subsection.7.1.2}% 47
\BOOKMARK [1][-]{section.7.2}{\376\377\000g\000h\000o\000s\000t\000:\000:\000B\000u\000i\000l\000d\000i\000n\000g\000\040\000C\000l\000a\000s\000s\000\040\000R\000e\000f\000e\000r\000e\000n\000c\000e}{chapter.7}% 48
\BOOKMARK [2][-]{subsection.7.2.1}{\376\377\000C\000o\000n\000s\000t\000r\000u\000c\000t\000o\000r\000\040\000\046\000\040\000D\000e\000s\000t\000r\000u\000c\000t\000o\000r\000\040\000D\000o\000c\000u\000m\000e\000n\000t\000a\000t\000i\000o\000n}{section.7.2}% 49
\BOOKMARK [3][-]{subsubsection.7.2.1.1}{\376\377\000B\000u\000i\000l\000d\000i\000n\000g}{subsection.7.2.1}% 50
\BOOKMARK [3][-]{subsubsection.7.2.1.2}{\376\377\000B\000u\000i\000l\000d\000i\000n\000g}{subsection.7.2.1}% 51
\BOOKMARK [3][-]{subsubsection.7.2.1.3}{\376\377\000B\000u\000i\000l\000d\000i\000n\000g}{subsection.7.2.1}% 52
\BOOKMARK [2][-]{subsection.7.2.2}{\376\377\000M\000e\000m\000b\000e\000r\000\040\000F\000u\000n\000c\000t\000i\000o\000n\000\040\000D\000o\000c\000u\000m\000e\000n\000t\000a\000t\000i\000o\000n}{section.7.2}% 53
\BOOKMARK [3][-]{subsubsection.7.2.2.1}{\376\377\000g\000e\000t\000G\000a\000p\000B\000o\000t\000t\000o\000m}{subsection.7.2.2}% 54
\BOOKMARK [3][-]{subsubsection.7.2.2.2}{\376\377\000g\000e\000t\000G\000a\000p\000L\000e\000f\000t}{subsection.7.2.2}% 55
\BOOKMARK [3][-]{subsubsection.7.2.2.3}{\376\377\000g\000e\000t\000G\000a\000p\000R\000i\000g\000h\000t}{subsection.7.2.2}% 56
\BOOKMARK [3][-]{subsubsection.7.2.2.4}{\376\377\000g\000e\000t\000G\000a\000p\000T\000o\000p}{subsection.7.2.2}% 57
\BOOKMARK [3][-]{subsubsection.7.2.2.5}{\376\377\000g\000e\000t\000H\000e\000i\000g\000h\000t}{subsection.7.2.2}% 58
\BOOKMARK [3][-]{subsubsection.7.2.2.6}{\376\377\000g\000e\000t\000L\000e\000n\000g\000t\000h}{subsection.7.2.2}% 59
\BOOKMARK [3][-]{subsubsection.7.2.2.7}{\376\377\000g\000e\000t\000R\000a\000c\000e}{subsection.7.2.2}% 60
\BOOKMARK [3][-]{subsubsection.7.2.2.8}{\376\377\000g\000e\000t\000S\000u\000r\000f\000a\000c\000e}{subsection.7.2.2}% 61
\BOOKMARK [3][-]{subsubsection.7.2.2.9}{\376\377\000g\000e\000t\000T\000r\000e\000e\000d\000e\000p\000t\000h}{subsection.7.2.2}% 62
\BOOKMARK [3][-]{subsubsection.7.2.2.10}{\376\377\000i\000s\000S\000e\000l\000e\000c\000t\000e\000d}{subsection.7.2.2}% 63
\BOOKMARK [3][-]{subsubsection.7.2.2.11}{\376\377\000o\000p\000e\000r\000a\000t\000o\000r\000=}{subsection.7.2.2}% 64
\BOOKMARK [3][-]{subsubsection.7.2.2.12}{\376\377\000s\000w\000a\000p}{subsection.7.2.2}% 65
\BOOKMARK [2][-]{subsection.7.2.3}{\376\377\000F\000r\000i\000e\000n\000d\000s\000\040\000A\000n\000d\000\040\000R\000e\000l\000a\000t\000e\000d\000\040\000F\000u\000n\000c\000t\000i\000o\000n\000\040\000D\000o\000c\000u\000m\000e\000n\000t\000a\000t\000i\000o\000n}{section.7.2}% 66
\BOOKMARK [3][-]{subsubsection.7.2.3.1}{\376\377\000o\000p\000e\000r\000a\000t\000o\000r\000<\000<}{subsection.7.2.3}% 67
\BOOKMARK [2][-]{subsection.7.2.4}{\376\377\000M\000e\000m\000b\000e\000r\000\040\000D\000a\000t\000a\000\040\000D\000o\000c\000u\000m\000e\000n\000t\000a\000t\000i\000o\000n}{section.7.2}% 68
\BOOKMARK [3][-]{subsubsection.7.2.4.1}{\376\377\000g\000a\000p\000B\000o\000t\000t\000o\000m}{subsection.7.2.4}% 69
\BOOKMARK [3][-]{subsubsection.7.2.4.2}{\376\377\000g\000a\000p\000L\000e\000f\000t}{subsection.7.2.4}% 70
\BOOKMARK [3][-]{subsubsection.7.2.4.3}{\376\377\000g\000a\000p\000R\000i\000g\000h\000t}{subsection.7.2.4}% 71
\BOOKMARK [3][-]{subsubsection.7.2.4.4}{\376\377\000g\000a\000p\000T\000o\000p}{subsection.7.2.4}% 72
\BOOKMARK [3][-]{subsubsection.7.2.4.5}{\376\377\000h\000e\000i\000g\000h\000t}{subsection.7.2.4}% 73
\BOOKMARK [3][-]{subsubsection.7.2.4.6}{\376\377\000l\000e\000n\000g\000t\000h}{subsection.7.2.4}% 74
\BOOKMARK [3][-]{subsubsection.7.2.4.7}{\376\377\000r\000a\000c\000e}{subsection.7.2.4}% 75
\BOOKMARK [3][-]{subsubsection.7.2.4.8}{\376\377\000t\000r\000e\000e\000d\000e\000p\000t\000h}{subsection.7.2.4}% 76
\BOOKMARK [1][-]{section.7.3}{\376\377\000g\000h\000o\000s\000t\000:\000:\000B\000u\000i\000l\000d\000i\000n\000g\000O\000b\000j\000\040\000C\000l\000a\000s\000s\000\040\000R\000e\000f\000e\000r\000e\000n\000c\000e}{chapter.7}% 77
\BOOKMARK [2][-]{subsection.7.3.1}{\376\377\000C\000o\000n\000s\000t\000r\000u\000c\000t\000o\000r\000\040\000\046\000\040\000D\000e\000s\000t\000r\000u\000c\000t\000o\000r\000\040\000D\000o\000c\000u\000m\000e\000n\000t\000a\000t\000i\000o\000n}{section.7.3}% 78
\BOOKMARK [3][-]{subsubsection.7.3.1.1}{\376\377\000B\000u\000i\000l\000d\000i\000n\000g\000O\000b\000j}{subsection.7.3.1}% 79
\BOOKMARK [2][-]{subsection.7.3.2}{\376\377\000M\000e\000m\000b\000e\000r\000\040\000F\000u\000n\000c\000t\000i\000o\000n\000\040\000D\000o\000c\000u\000m\000e\000n\000t\000a\000t\000i\000o\000n}{section.7.3}% 80
\BOOKMARK [3][-]{subsubsection.7.3.2.1}{\376\377\000v\000\137\000c\000o\000s\000t}{subsection.7.3.2}% 81
\BOOKMARK [3][-]{subsubsection.7.3.2.2}{\376\377\000v\000\137\000h\000e\000u\000r\000i\000s\000t\000i\000c\000V\000a\000r\000i\000a\000b\000l\000e}{subsection.7.3.2}% 82
\BOOKMARK [3][-]{subsubsection.7.3.2.3}{\376\377\000v\000\137\000p\000o\000s\000t\000p\000r\000o\000c\000e\000s\000s\000O\000p\000t\000i\000m\000i\000z\000a\000t\000i\000o\000n}{subsection.7.3.2}% 83
\BOOKMARK [1][-]{section.7.4}{\376\377\000g\000h\000o\000s\000t\000:\000:\000C\000o\000n\000s\000t\000r\000a\000i\000n\000t\000<\000\040\000T\000y\000p\000e\000V\000a\000r\000i\000a\000b\000l\000e\000,\000\040\000T\000y\000p\000e\000D\000o\000m\000a\000i\000n\000\040\000>\000\040\000C\000l\000a\000s\000s\000\040\000T\000e\000m\000p\000l\000a\000t\000e\000\040\000R\000e\000f\000e\000r\000e\000n\000c\000e}{chapter.7}% 84
\BOOKMARK [2][-]{subsection.7.4.1}{\376\377\000D\000e\000t\000a\000i\000l\000e\000d\000\040\000D\000e\000s\000c\000r\000i\000p\000t\000i\000o\000n}{section.7.4}% 85
\BOOKMARK [2][-]{subsection.7.4.2}{\376\377\000C\000o\000n\000s\000t\000r\000u\000c\000t\000o\000r\000\040\000\046\000\040\000D\000e\000s\000t\000r\000u\000c\000t\000o\000r\000\040\000D\000o\000c\000u\000m\000e\000n\000t\000a\000t\000i\000o\000n}{section.7.4}% 86
\BOOKMARK [3][-]{subsubsection.7.4.2.1}{\376\377\000C\000o\000n\000s\000t\000r\000a\000i\000n\000t}{subsection.7.4.2}% 87
\BOOKMARK [2][-]{subsection.7.4.3}{\376\377\000M\000e\000m\000b\000e\000r\000\040\000F\000u\000n\000c\000t\000i\000o\000n\000\040\000D\000o\000c\000u\000m\000e\000n\000t\000a\000t\000i\000o\000n}{section.7.4}% 88
\BOOKMARK [3][-]{subsubsection.7.4.3.1}{\376\377\000c\000o\000s\000t}{subsection.7.4.3}% 89
\BOOKMARK [3][-]{subsubsection.7.4.3.2}{\376\377\000s\000i\000m\000u\000l\000a\000t\000e\000C\000o\000s\000t}{subsection.7.4.3}% 90
\BOOKMARK [2][-]{subsection.7.4.4}{\376\377\000F\000r\000i\000e\000n\000d\000s\000\040\000A\000n\000d\000\040\000R\000e\000l\000a\000t\000e\000d\000\040\000F\000u\000n\000c\000t\000i\000o\000n\000\040\000D\000o\000c\000u\000m\000e\000n\000t\000a\000t\000i\000o\000n}{section.7.4}% 91
\BOOKMARK [3][-]{subsubsection.7.4.4.1}{\376\377\000o\000p\000e\000r\000a\000t\000o\000r\000<\000<}{subsection.7.4.4}% 92
\BOOKMARK [2][-]{subsection.7.4.5}{\376\377\000M\000e\000m\000b\000e\000r\000\040\000D\000a\000t\000a\000\040\000D\000o\000c\000u\000m\000e\000n\000t\000a\000t\000i\000o\000n}{section.7.4}% 93
\BOOKMARK [3][-]{subsubsection.7.4.5.1}{\376\377\000d\000o\000m\000a\000i\000n}{subsection.7.4.5}% 94
\BOOKMARK [3][-]{subsubsection.7.4.5.2}{\376\377\000v\000a\000r\000i\000a\000b\000l\000e\000s}{subsection.7.4.5}% 95
\BOOKMARK [1][-]{section.7.5}{\376\377\000g\000h\000o\000s\000t\000:\000:\000D\000o\000m\000a\000i\000n\000<\000\040\000T\000y\000p\000e\000V\000a\000r\000i\000a\000b\000l\000e\000\040\000>\000\040\000C\000l\000a\000s\000s\000\040\000T\000e\000m\000p\000l\000a\000t\000e\000\040\000R\000e\000f\000e\000r\000e\000n\000c\000e}{chapter.7}% 96
\BOOKMARK [2][-]{subsection.7.5.1}{\376\377\000D\000e\000t\000a\000i\000l\000e\000d\000\040\000D\000e\000s\000c\000r\000i\000p\000t\000i\000o\000n}{section.7.5}% 97
\BOOKMARK [2][-]{subsection.7.5.2}{\376\377\000C\000o\000n\000s\000t\000r\000u\000c\000t\000o\000r\000\040\000\046\000\040\000D\000e\000s\000t\000r\000u\000c\000t\000o\000r\000\040\000D\000o\000c\000u\000m\000e\000n\000t\000a\000t\000i\000o\000n}{section.7.5}% 98
\BOOKMARK [3][-]{subsubsection.7.5.2.1}{\376\377\000D\000o\000m\000a\000i\000n}{subsection.7.5.2}% 99
\BOOKMARK [3][-]{subsubsection.7.5.2.2}{\376\377\000D\000o\000m\000a\000i\000n}{subsection.7.5.2}% 100
\BOOKMARK [2][-]{subsection.7.5.3}{\376\377\000M\000e\000m\000b\000e\000r\000\040\000F\000u\000n\000c\000t\000i\000o\000n\000\040\000D\000o\000c\000u\000m\000e\000n\000t\000a\000t\000i\000o\000n}{section.7.5}% 101
\BOOKMARK [3][-]{subsubsection.7.5.3.1}{\376\377\000a\000d\000d}{subsection.7.5.3}% 102
\BOOKMARK [3][-]{subsubsection.7.5.3.2}{\376\377\000c\000l\000e\000a\000r}{subsection.7.5.3}% 103
\BOOKMARK [3][-]{subsubsection.7.5.3.3}{\376\377\000g\000e\000t\000S\000i\000z\000e}{subsection.7.5.3}% 104
\BOOKMARK [3][-]{subsubsection.7.5.3.4}{\376\377\000p\000o\000s\000s\000i\000b\000l\000e\000V\000a\000l\000u\000e\000s}{subsection.7.5.3}% 105
\BOOKMARK [3][-]{subsubsection.7.5.3.5}{\376\377\000r\000a\000n\000d\000o\000m\000V\000a\000l\000u\000e}{subsection.7.5.3}% 106
\BOOKMARK [3][-]{subsubsection.7.5.3.6}{\376\377\000r\000e\000s\000e\000t\000A\000l\000l\000D\000o\000m\000a\000i\000n\000s}{subsection.7.5.3}% 107
\BOOKMARK [3][-]{subsubsection.7.5.3.7}{\376\377\000r\000e\000s\000e\000t\000D\000o\000m\000a\000i\000n}{subsection.7.5.3}% 108
\BOOKMARK [2][-]{subsection.7.5.4}{\376\377\000F\000r\000i\000e\000n\000d\000s\000\040\000A\000n\000d\000\040\000R\000e\000l\000a\000t\000e\000d\000\040\000F\000u\000n\000c\000t\000i\000o\000n\000\040\000D\000o\000c\000u\000m\000e\000n\000t\000a\000t\000i\000o\000n}{section.7.5}% 109
\BOOKMARK [3][-]{subsubsection.7.5.4.1}{\376\377\000o\000p\000e\000r\000a\000t\000o\000r\000<\000<}{subsection.7.5.4}% 110
\BOOKMARK [2][-]{subsection.7.5.5}{\376\377\000M\000e\000m\000b\000e\000r\000\040\000D\000a\000t\000a\000\040\000D\000o\000c\000u\000m\000e\000n\000t\000a\000t\000i\000o\000n}{section.7.5}% 111
\BOOKMARK [3][-]{subsubsection.7.5.5.1}{\376\377\000d\000o\000m\000a\000i\000n\000s}{subsection.7.5.5}% 112
\BOOKMARK [3][-]{subsubsection.7.5.5.2}{\376\377\000i\000n\000i\000t\000i\000a\000l\000D\000o\000m\000a\000i\000n}{subsection.7.5.5}% 113
\BOOKMARK [3][-]{subsubsection.7.5.5.3}{\376\377\000r\000a\000n\000d\000o\000m}{subsection.7.5.5}% 114
\BOOKMARK [3][-]{subsubsection.7.5.5.4}{\376\377\000s\000i\000z\000e}{subsection.7.5.5}% 115
\BOOKMARK [1][-]{section.7.6}{\376\377\000g\000h\000o\000s\000t\000:\000:\000G\000a\000p\000O\000b\000j\000\040\000C\000l\000a\000s\000s\000\040\000R\000e\000f\000e\000r\000e\000n\000c\000e}{chapter.7}% 116
\BOOKMARK [2][-]{subsection.7.6.1}{\376\377\000C\000o\000n\000s\000t\000r\000u\000c\000t\000o\000r\000\040\000\046\000\040\000D\000e\000s\000t\000r\000u\000c\000t\000o\000r\000\040\000D\000o\000c\000u\000m\000e\000n\000t\000a\000t\000i\000o\000n}{section.7.6}% 117
\BOOKMARK [3][-]{subsubsection.7.6.1.1}{\376\377\000G\000a\000p\000O\000b\000j}{subsection.7.6.1}% 118
\BOOKMARK [2][-]{subsection.7.6.2}{\376\377\000M\000e\000m\000b\000e\000r\000\040\000F\000u\000n\000c\000t\000i\000o\000n\000\040\000D\000o\000c\000u\000m\000e\000n\000t\000a\000t\000i\000o\000n}{section.7.6}% 119
\BOOKMARK [3][-]{subsubsection.7.6.2.1}{\376\377\000g\000a\000p\000S\000i\000z\000e}{subsection.7.6.2}% 120
\BOOKMARK [3][-]{subsubsection.7.6.2.2}{\376\377\000v\000\137\000c\000o\000s\000t}{subsection.7.6.2}% 121
\BOOKMARK [3][-]{subsubsection.7.6.2.3}{\376\377\000v\000\137\000h\000e\000u\000r\000i\000s\000t\000i\000c\000V\000a\000r\000i\000a\000b\000l\000e}{subsection.7.6.2}% 122
\BOOKMARK [3][-]{subsubsection.7.6.2.4}{\376\377\000v\000\137\000s\000e\000t\000H\000e\000l\000p\000e\000r}{subsection.7.6.2}% 123
\BOOKMARK [1][-]{section.7.7}{\376\377\000g\000h\000o\000s\000t\000:\000:\000N\000o\000G\000a\000p\000s\000\040\000C\000l\000a\000s\000s\000\040\000R\000e\000f\000e\000r\000e\000n\000c\000e}{chapter.7}% 124
\BOOKMARK [2][-]{subsection.7.7.1}{\376\377\000C\000o\000n\000s\000t\000r\000u\000c\000t\000o\000r\000\040\000\046\000\040\000D\000e\000s\000t\000r\000u\000c\000t\000o\000r\000\040\000D\000o\000c\000u\000m\000e\000n\000t\000a\000t\000i\000o\000n}{section.7.7}% 125
\BOOKMARK [3][-]{subsubsection.7.7.1.1}{\376\377\000N\000o\000G\000a\000p\000s}{subsection.7.7.1}% 126
\BOOKMARK [2][-]{subsection.7.7.2}{\376\377\000M\000e\000m\000b\000e\000r\000\040\000F\000u\000n\000c\000t\000i\000o\000n\000\040\000D\000o\000c\000u\000m\000e\000n\000t\000a\000t\000i\000o\000n}{section.7.7}% 127
\BOOKMARK [3][-]{subsubsection.7.7.2.1}{\376\377\000p\000o\000s\000t\000p\000r\000o\000c\000e\000s\000s\000\137\000s\000i\000m\000u\000l\000a\000t\000e\000C\000o\000s\000t}{subsection.7.7.2}% 128
\BOOKMARK [3][-]{subsubsection.7.7.2.2}{\376\377\000v\000\137\000c\000o\000s\000t}{subsection.7.7.2}% 129
\BOOKMARK [1][-]{section.7.8}{\376\377\000g\000h\000o\000s\000t\000:\000:\000N\000o\000n\000e\000O\000b\000j\000\040\000C\000l\000a\000s\000s\000\040\000R\000e\000f\000e\000r\000e\000n\000c\000e}{chapter.7}% 130
\BOOKMARK [2][-]{subsection.7.8.1}{\376\377\000C\000o\000n\000s\000t\000r\000u\000c\000t\000o\000r\000\040\000\046\000\040\000D\000e\000s\000t\000r\000u\000c\000t\000o\000r\000\040\000D\000o\000c\000u\000m\000e\000n\000t\000a\000t\000i\000o\000n}{section.7.8}% 131
\BOOKMARK [3][-]{subsubsection.7.8.1.1}{\376\377\000N\000o\000n\000e\000O\000b\000j}{subsection.7.8.1}% 132
\BOOKMARK [2][-]{subsection.7.8.2}{\376\377\000M\000e\000m\000b\000e\000r\000\040\000F\000u\000n\000c\000t\000i\000o\000n\000\040\000D\000o\000c\000u\000m\000e\000n\000t\000a\000t\000i\000o\000n}{section.7.8}% 133
\BOOKMARK [3][-]{subsubsection.7.8.2.1}{\376\377\000v\000\137\000c\000o\000s\000t}{subsection.7.8.2}% 134
\BOOKMARK [3][-]{subsubsection.7.8.2.2}{\376\377\000v\000\137\000h\000e\000u\000r\000i\000s\000t\000i\000c\000V\000a\000r\000i\000a\000b\000l\000e}{subsection.7.8.2}% 135
\BOOKMARK [3][-]{subsubsection.7.8.2.3}{\376\377\000v\000\137\000p\000o\000s\000t\000p\000r\000o\000c\000e\000s\000s\000O\000p\000t\000i\000m\000i\000z\000a\000t\000i\000o\000n}{subsection.7.8.2}% 136
\BOOKMARK [3][-]{subsubsection.7.8.2.4}{\376\377\000v\000\137\000s\000e\000t\000H\000e\000l\000p\000e\000r}{subsection.7.8.2}% 137
\BOOKMARK [1][-]{section.7.9}{\376\377\000g\000h\000o\000s\000t\000:\000:\000N\000u\000l\000l\000O\000b\000j\000e\000c\000t\000i\000v\000e\000<\000\040\000T\000y\000p\000e\000V\000a\000r\000i\000a\000b\000l\000e\000,\000\040\000T\000y\000p\000e\000D\000o\000m\000a\000i\000n\000\040\000>\000\040\000C\000l\000a\000s\000s\000\040\000T\000e\000m\000p\000l\000a\000t\000e\000\040\000R\000e\000f\000e\000r\000e\000n\000c\000e}{chapter.7}% 138
\BOOKMARK [2][-]{subsection.7.9.1}{\376\377\000D\000e\000t\000a\000i\000l\000e\000d\000\040\000D\000e\000s\000c\000r\000i\000p\000t\000i\000o\000n}{section.7.9}% 139
\BOOKMARK [2][-]{subsection.7.9.2}{\376\377\000C\000o\000n\000s\000t\000r\000u\000c\000t\000o\000r\000\040\000\046\000\040\000D\000e\000s\000t\000r\000u\000c\000t\000o\000r\000\040\000D\000o\000c\000u\000m\000e\000n\000t\000a\000t\000i\000o\000n}{section.7.9}% 140
\BOOKMARK [3][-]{subsubsection.7.9.2.1}{\376\377\000N\000u\000l\000l\000O\000b\000j\000e\000c\000t\000i\000v\000e}{subsection.7.9.2}% 141
\BOOKMARK [2][-]{subsection.7.9.3}{\376\377\000M\000e\000m\000b\000e\000r\000\040\000F\000u\000n\000c\000t\000i\000o\000n\000\040\000D\000o\000c\000u\000m\000e\000n\000t\000a\000t\000i\000o\000n}{section.7.9}% 142
\BOOKMARK [3][-]{subsubsection.7.9.3.1}{\376\377\000v\000\137\000c\000o\000s\000t}{subsection.7.9.3}% 143
\BOOKMARK [3][-]{subsubsection.7.9.3.2}{\376\377\000v\000\137\000h\000e\000u\000r\000i\000s\000t\000i\000c\000V\000a\000r\000i\000a\000b\000l\000e}{subsection.7.9.3}% 144
\BOOKMARK [3][-]{subsubsection.7.9.3.3}{\376\377\000v\000\137\000s\000e\000t\000H\000e\000l\000p\000e\000r}{subsection.7.9.3}% 145
\BOOKMARK [1][-]{section.7.10}{\376\377\000g\000h\000o\000s\000t\000:\000:\000O\000b\000j\000e\000c\000t\000i\000v\000e\000<\000\040\000T\000y\000p\000e\000V\000a\000r\000i\000a\000b\000l\000e\000,\000\040\000T\000y\000p\000e\000D\000o\000m\000a\000i\000n\000\040\000>\000\040\000C\000l\000a\000s\000s\000\040\000T\000e\000m\000p\000l\000a\000t\000e\000\040\000R\000e\000f\000e\000r\000e\000n\000c\000e}{chapter.7}% 146
\BOOKMARK [2][-]{subsection.7.10.1}{\376\377\000D\000e\000t\000a\000i\000l\000e\000d\000\040\000D\000e\000s\000c\000r\000i\000p\000t\000i\000o\000n}{section.7.10}% 147
\BOOKMARK [2][-]{subsection.7.10.2}{\376\377\000C\000o\000n\000s\000t\000r\000u\000c\000t\000o\000r\000\040\000\046\000\040\000D\000e\000s\000t\000r\000u\000c\000t\000o\000r\000\040\000D\000o\000c\000u\000m\000e\000n\000t\000a\000t\000i\000o\000n}{section.7.10}% 148
\BOOKMARK [3][-]{subsubsection.7.10.2.1}{\376\377\000O\000b\000j\000e\000c\000t\000i\000v\000e}{subsection.7.10.2}% 149
\BOOKMARK [2][-]{subsection.7.10.3}{\376\377\000M\000e\000m\000b\000e\000r\000\040\000F\000u\000n\000c\000t\000i\000o\000n\000\040\000D\000o\000c\000u\000m\000e\000n\000t\000a\000t\000i\000o\000n}{section.7.10}% 150
\BOOKMARK [3][-]{subsubsection.7.10.3.1}{\376\377\000c\000o\000s\000t}{subsection.7.10.3}% 151
\BOOKMARK [3][-]{subsubsection.7.10.3.2}{\376\377\000g\000e\000t\000N\000a\000m\000e}{subsection.7.10.3}% 152
\BOOKMARK [3][-]{subsubsection.7.10.3.3}{\376\377\000h\000e\000u\000r\000i\000s\000t\000i\000c\000V\000a\000l\000u\000e}{subsection.7.10.3}% 153
\BOOKMARK [3][-]{subsubsection.7.10.3.4}{\376\377\000h\000e\000u\000r\000i\000s\000t\000i\000c\000V\000a\000r\000i\000a\000b\000l\000e}{subsection.7.10.3}% 154
\BOOKMARK [3][-]{subsubsection.7.10.3.5}{\376\377\000i\000n\000i\000t\000H\000e\000l\000p\000e\000r}{subsection.7.10.3}% 155
\BOOKMARK [3][-]{subsubsection.7.10.3.6}{\376\377\000p\000o\000s\000t\000p\000r\000o\000c\000e\000s\000s\000O\000p\000t\000i\000m\000i\000z\000a\000t\000i\000o\000n}{subsection.7.10.3}% 156
\BOOKMARK [3][-]{subsubsection.7.10.3.7}{\376\377\000p\000o\000s\000t\000p\000r\000o\000c\000e\000s\000s\000S\000a\000t\000i\000s\000f\000a\000c\000t\000i\000o\000n}{subsection.7.10.3}% 157
\BOOKMARK [3][-]{subsubsection.7.10.3.8}{\376\377\000r\000e\000s\000e\000t\000H\000e\000l\000p\000e\000r}{subsection.7.10.3}% 158
\BOOKMARK [3][-]{subsubsection.7.10.3.9}{\376\377\000s\000e\000t\000H\000e\000l\000p\000e\000r}{subsection.7.10.3}% 159
\BOOKMARK [3][-]{subsubsection.7.10.3.10}{\376\377\000u\000p\000d\000a\000t\000e\000H\000e\000l\000p\000e\000r}{subsection.7.10.3}% 160
\BOOKMARK [3][-]{subsubsection.7.10.3.11}{\376\377\000v\000\137\000c\000o\000s\000t}{subsection.7.10.3}% 161
\BOOKMARK [3][-]{subsubsection.7.10.3.12}{\376\377\000v\000\137\000h\000e\000u\000r\000i\000s\000t\000i\000c\000V\000a\000l\000u\000e}{subsection.7.10.3}% 162
\BOOKMARK [3][-]{subsubsection.7.10.3.13}{\376\377\000v\000\137\000h\000e\000u\000r\000i\000s\000t\000i\000c\000V\000a\000r\000i\000a\000b\000l\000e}{subsection.7.10.3}% 163
\BOOKMARK [3][-]{subsubsection.7.10.3.14}{\376\377\000v\000\137\000p\000o\000s\000t\000p\000r\000o\000c\000e\000s\000s\000O\000p\000t\000i\000m\000i\000z\000a\000t\000i\000o\000n}{subsection.7.10.3}% 164
\BOOKMARK [3][-]{subsubsection.7.10.3.15}{\376\377\000v\000\137\000p\000o\000s\000t\000p\000r\000o\000c\000e\000s\000s\000S\000a\000t\000i\000s\000f\000a\000c\000t\000i\000o\000n}{subsection.7.10.3}% 165
\BOOKMARK [3][-]{subsubsection.7.10.3.16}{\376\377\000v\000\137\000s\000e\000t\000H\000e\000l\000p\000e\000r}{subsection.7.10.3}% 166
\BOOKMARK [2][-]{subsection.7.10.4}{\376\377\000M\000e\000m\000b\000e\000r\000\040\000D\000a\000t\000a\000\040\000D\000o\000c\000u\000m\000e\000n\000t\000a\000t\000i\000o\000n}{section.7.10}% 167
\BOOKMARK [3][-]{subsubsection.7.10.4.1}{\376\377\000h\000e\000u\000r\000i\000s\000t\000i\000c\000V\000a\000l\000u\000e\000H\000e\000l\000p\000e\000r}{subsection.7.10.4}% 168
\BOOKMARK [3][-]{subsubsection.7.10.4.2}{\376\377\000n\000a\000m\000e}{subsection.7.10.4}% 169
\BOOKMARK [3][-]{subsubsection.7.10.4.3}{\376\377\000r\000a\000n\000d\000o\000m\000V\000a\000r}{subsection.7.10.4}% 170
\BOOKMARK [1][-]{section.7.11}{\376\377\000g\000h\000o\000s\000t\000:\000:\000O\000v\000e\000r\000l\000a\000p\000\040\000C\000l\000a\000s\000s\000\040\000R\000e\000f\000e\000r\000e\000n\000c\000e}{chapter.7}% 171
\BOOKMARK [2][-]{subsection.7.11.1}{\376\377\000C\000o\000n\000s\000t\000r\000u\000c\000t\000o\000r\000\040\000\046\000\040\000D\000e\000s\000t\000r\000u\000c\000t\000o\000r\000\040\000D\000o\000c\000u\000m\000e\000n\000t\000a\000t\000i\000o\000n}{section.7.11}% 172
\BOOKMARK [3][-]{subsubsection.7.11.1.1}{\376\377\000O\000v\000e\000r\000l\000a\000p}{subsection.7.11.1}% 173
\BOOKMARK [2][-]{subsection.7.11.2}{\376\377\000M\000e\000m\000b\000e\000r\000\040\000F\000u\000n\000c\000t\000i\000o\000n\000\040\000D\000o\000c\000u\000m\000e\000n\000t\000a\000t\000i\000o\000n}{section.7.11}% 174
\BOOKMARK [3][-]{subsubsection.7.11.2.1}{\376\377\000v\000\137\000c\000o\000s\000t}{subsection.7.11.2}% 175
\BOOKMARK [3][-]{subsubsection.7.11.2.2}{\376\377\000v\000\137\000s\000i\000m\000u\000l\000a\000t\000e\000C\000o\000s\000t}{subsection.7.11.2}% 176
\BOOKMARK [1][-]{section.7.12}{\376\377\000g\000h\000o\000s\000t\000:\000:\000R\000a\000n\000d\000o\000m\000\040\000C\000l\000a\000s\000s\000\040\000R\000e\000f\000e\000r\000e\000n\000c\000e}{chapter.7}% 177
\BOOKMARK [2][-]{subsection.7.12.1}{\376\377\000D\000e\000t\000a\000i\000l\000e\000d\000\040\000D\000e\000s\000c\000r\000i\000p\000t\000i\000o\000n}{section.7.12}% 178
\BOOKMARK [2][-]{subsection.7.12.2}{\376\377\000C\000o\000n\000s\000t\000r\000u\000c\000t\000o\000r\000\040\000\046\000\040\000D\000e\000s\000t\000r\000u\000c\000t\000o\000r\000\040\000D\000o\000c\000u\000m\000e\000n\000t\000a\000t\000i\000o\000n}{section.7.12}% 179
\BOOKMARK [3][-]{subsubsection.7.12.2.1}{\376\377\000R\000a\000n\000d\000o\000m}{subsection.7.12.2}% 180
\BOOKMARK [3][-]{subsubsection.7.12.2.2}{\376\377\000R\000a\000n\000d\000o\000m}{subsection.7.12.2}% 181
\BOOKMARK [2][-]{subsection.7.12.3}{\376\377\000M\000e\000m\000b\000e\000r\000\040\000F\000u\000n\000c\000t\000i\000o\000n\000\040\000D\000o\000c\000u\000m\000e\000n\000t\000a\000t\000i\000o\000n}{section.7.12}% 182
\BOOKMARK [3][-]{subsubsection.7.12.3.1}{\376\377\000g\000e\000t\000R\000a\000n\000d\000N\000u\000m}{subsection.7.12.3}% 183
\BOOKMARK [3][-]{subsubsection.7.12.3.2}{\376\377\000o\000p\000e\000r\000a\000t\000o\000r\000=}{subsection.7.12.3}% 184
\BOOKMARK [2][-]{subsection.7.12.4}{\376\377\000M\000e\000m\000b\000e\000r\000\040\000D\000a\000t\000a\000\040\000D\000o\000c\000u\000m\000e\000n\000t\000a\000t\000i\000o\000n}{section.7.12}% 185
\BOOKMARK [3][-]{subsubsection.7.12.4.1}{\376\377\000n\000u\000m\000b\000e\000r\000s}{subsection.7.12.4}% 186
\BOOKMARK [3][-]{subsubsection.7.12.4.2}{\376\377\000r\000d}{subsection.7.12.4}% 187
\BOOKMARK [3][-]{subsubsection.7.12.4.3}{\376\377\000r\000n\000g}{subsection.7.12.4}% 188
\BOOKMARK [1][-]{section.7.13}{\376\377\000g\000h\000o\000s\000t\000:\000:\000S\000o\000l\000v\000e\000r\000<\000\040\000T\000y\000p\000e\000V\000a\000r\000i\000a\000b\000l\000e\000,\000\040\000T\000y\000p\000e\000D\000o\000m\000a\000i\000n\000,\000\040\000T\000y\000p\000e\000C\000o\000n\000s\000t\000r\000a\000i\000n\000t\000\040\000>\000\040\000C\000l\000a\000s\000s\000\040\000T\000e\000m\000p\000l\000a\000t\000e\000\040\000R\000e\000f\000e\000r\000e\000n\000c\000e}{chapter.7}% 189
\BOOKMARK [2][-]{subsection.7.13.1}{\376\377\000D\000e\000t\000a\000i\000l\000e\000d\000\040\000D\000e\000s\000c\000r\000i\000p\000t\000i\000o\000n}{section.7.13}% 190
\BOOKMARK [2][-]{subsection.7.13.2}{\376\377\000C\000o\000n\000s\000t\000r\000u\000c\000t\000o\000r\000\040\000\046\000\040\000D\000e\000s\000t\000r\000u\000c\000t\000o\000r\000\040\000D\000o\000c\000u\000m\000e\000n\000t\000a\000t\000i\000o\000n}{section.7.13}% 191
\BOOKMARK [3][-]{subsubsection.7.13.2.1}{\376\377\000S\000o\000l\000v\000e\000r}{subsection.7.13.2}% 192
\BOOKMARK [3][-]{subsubsection.7.13.2.2}{\376\377\000S\000o\000l\000v\000e\000r}{subsection.7.13.2}% 193
\BOOKMARK [2][-]{subsection.7.13.3}{\376\377\000M\000e\000m\000b\000e\000r\000\040\000F\000u\000n\000c\000t\000i\000o\000n\000\040\000D\000o\000c\000u\000m\000e\000n\000t\000a\000t\000i\000o\000n}{section.7.13}% 194
\BOOKMARK [3][-]{subsubsection.7.13.3.1}{\376\377\000m\000o\000v\000e}{subsection.7.13.3}% 195
\BOOKMARK [3][-]{subsubsection.7.13.3.2}{\376\377\000r\000e\000s\000e\000t}{subsection.7.13.3}% 196
\BOOKMARK [3][-]{subsubsection.7.13.3.3}{\376\377\000s\000o\000l\000v\000e}{subsection.7.13.3}% 197
\BOOKMARK [2][-]{subsection.7.13.4}{\376\377\000M\000e\000m\000b\000e\000r\000\040\000D\000a\000t\000a\000\040\000D\000o\000c\000u\000m\000e\000n\000t\000a\000t\000i\000o\000n}{section.7.13}% 198
\BOOKMARK [3][-]{subsubsection.7.13.4.1}{\376\377\000b\000e\000s\000t\000C\000o\000s\000t}{subsection.7.13.4}% 199
\BOOKMARK [3][-]{subsubsection.7.13.4.2}{\376\377\000b\000e\000s\000t\000S\000o\000l\000u\000t\000i\000o\000n}{subsection.7.13.4}% 200
\BOOKMARK [3][-]{subsubsection.7.13.4.3}{\376\377\000d\000o\000m\000a\000i\000n}{subsection.7.13.4}% 201
\BOOKMARK [3][-]{subsubsection.7.13.4.4}{\376\377\000l\000o\000o\000p\000s}{subsection.7.13.4}% 202
\BOOKMARK [3][-]{subsubsection.7.13.4.5}{\376\377\000o\000b\000j\000e\000c\000t\000i\000v\000e}{subsection.7.13.4}% 203
\BOOKMARK [3][-]{subsubsection.7.13.4.6}{\376\377\000r\000a\000n\000d\000o\000m\000V\000a\000r}{subsection.7.13.4}% 204
\BOOKMARK [3][-]{subsubsection.7.13.4.7}{\376\377\000t\000a\000b\000u\000L\000i\000s\000t}{subsection.7.13.4}% 205
\BOOKMARK [3][-]{subsubsection.7.13.4.8}{\376\377\000v\000a\000r\000i\000a\000b\000l\000e\000C\000o\000s\000t}{subsection.7.13.4}% 206
\BOOKMARK [3][-]{subsubsection.7.13.4.9}{\376\377\000v\000e\000c\000C\000o\000n\000s\000t\000r\000a\000i\000n\000t\000s}{subsection.7.13.4}% 207
\BOOKMARK [3][-]{subsubsection.7.13.4.10}{\376\377\000v\000e\000c\000V\000a\000r\000i\000a\000b\000l\000e\000s}{subsection.7.13.4}% 208
\BOOKMARK [1][-]{section.7.14}{\376\377\000g\000h\000o\000s\000t\000:\000:\000S\000t\000a\000r\000t\000i\000n\000g\000T\000a\000r\000g\000e\000t\000T\000i\000l\000e\000s\000\040\000C\000l\000a\000s\000s\000\040\000R\000e\000f\000e\000r\000e\000n\000c\000e}{chapter.7}% 209
\BOOKMARK [2][-]{subsection.7.14.1}{\376\377\000C\000o\000n\000s\000t\000r\000u\000c\000t\000o\000r\000\040\000\046\000\040\000D\000e\000s\000t\000r\000u\000c\000t\000o\000r\000\040\000D\000o\000c\000u\000m\000e\000n\000t\000a\000t\000i\000o\000n}{section.7.14}% 210
\BOOKMARK [3][-]{subsubsection.7.14.1.1}{\376\377\000S\000t\000a\000r\000t\000i\000n\000g\000T\000a\000r\000g\000e\000t\000T\000i\000l\000e\000s}{subsection.7.14.1}% 211
\BOOKMARK [2][-]{subsection.7.14.2}{\376\377\000M\000e\000m\000b\000e\000r\000\040\000F\000u\000n\000c\000t\000i\000o\000n\000\040\000D\000o\000c\000u\000m\000e\000n\000t\000a\000t\000i\000o\000n}{section.7.14}% 212
\BOOKMARK [3][-]{subsubsection.7.14.2.1}{\376\377\000v\000\137\000c\000o\000s\000t}{subsection.7.14.2}% 213
\BOOKMARK [2][-]{subsection.7.14.3}{\376\377\000M\000e\000m\000b\000e\000r\000\040\000D\000a\000t\000a\000\040\000D\000o\000c\000u\000m\000e\000n\000t\000a\000t\000i\000o\000n}{section.7.14}% 214
\BOOKMARK [3][-]{subsubsection.7.14.3.1}{\376\377\000m\000a\000p\000B\000u\000i\000l\000d\000i\000n\000g\000s}{subsection.7.14.3}% 215
\BOOKMARK [1][-]{section.7.15}{\376\377\000g\000h\000o\000s\000t\000:\000:\000T\000e\000c\000h\000T\000r\000e\000e\000O\000b\000j\000\040\000C\000l\000a\000s\000s\000\040\000R\000e\000f\000e\000r\000e\000n\000c\000e}{chapter.7}% 216
\BOOKMARK [2][-]{subsection.7.15.1}{\376\377\000C\000o\000n\000s\000t\000r\000u\000c\000t\000o\000r\000\040\000\046\000\040\000D\000e\000s\000t\000r\000u\000c\000t\000o\000r\000\040\000D\000o\000c\000u\000m\000e\000n\000t\000a\000t\000i\000o\000n}{section.7.15}% 217
\BOOKMARK [3][-]{subsubsection.7.15.1.1}{\376\377\000T\000e\000c\000h\000T\000r\000e\000e\000O\000b\000j}{subsection.7.15.1}% 218
\BOOKMARK [2][-]{subsection.7.15.2}{\376\377\000M\000e\000m\000b\000e\000r\000\040\000F\000u\000n\000c\000t\000i\000o\000n\000\040\000D\000o\000c\000u\000m\000e\000n\000t\000a\000t\000i\000o\000n}{section.7.15}% 219
\BOOKMARK [3][-]{subsubsection.7.15.2.1}{\376\377\000v\000\137\000c\000o\000s\000t}{subsection.7.15.2}% 220
\BOOKMARK [3][-]{subsubsection.7.15.2.2}{\376\377\000v\000\137\000h\000e\000u\000r\000i\000s\000t\000i\000c\000V\000a\000r\000i\000a\000b\000l\000e}{subsection.7.15.2}% 221
\BOOKMARK [1][-]{section.7.16}{\376\377\000g\000h\000o\000s\000t\000:\000:\000V\000a\000r\000i\000a\000b\000l\000e\000\040\000C\000l\000a\000s\000s\000\040\000R\000e\000f\000e\000r\000e\000n\000c\000e}{chapter.7}% 222
\BOOKMARK [2][-]{subsection.7.16.1}{\376\377\000D\000e\000t\000a\000i\000l\000e\000d\000\040\000D\000e\000s\000c\000r\000i\000p\000t\000i\000o\000n}{section.7.16}% 223
\BOOKMARK [2][-]{subsection.7.16.2}{\376\377\000C\000o\000n\000s\000t\000r\000u\000c\000t\000o\000r\000\040\000\046\000\040\000D\000e\000s\000t\000r\000u\000c\000t\000o\000r\000\040\000D\000o\000c\000u\000m\000e\000n\000t\000a\000t\000i\000o\000n}{section.7.16}% 224
\BOOKMARK [3][-]{subsubsection.7.16.2.1}{\376\377\000V\000a\000r\000i\000a\000b\000l\000e}{subsection.7.16.2}% 225
\BOOKMARK [3][-]{subsubsection.7.16.2.2}{\376\377\000V\000a\000r\000i\000a\000b\000l\000e}{subsection.7.16.2}% 226
\BOOKMARK [3][-]{subsubsection.7.16.2.3}{\376\377\000V\000a\000r\000i\000a\000b\000l\000e}{subsection.7.16.2}% 227
\BOOKMARK [2][-]{subsection.7.16.3}{\376\377\000M\000e\000m\000b\000e\000r\000\040\000F\000u\000n\000c\000t\000i\000o\000n\000\040\000D\000o\000c\000u\000m\000e\000n\000t\000a\000t\000i\000o\000n}{section.7.16}% 228
\BOOKMARK [3][-]{subsubsection.7.16.3.1}{\376\377\000g\000e\000t\000F\000u\000l\000l\000N\000a\000m\000e}{subsection.7.16.3}% 229
\BOOKMARK [3][-]{subsubsection.7.16.3.2}{\376\377\000g\000e\000t\000I\000d}{subsection.7.16.3}% 230
\BOOKMARK [3][-]{subsubsection.7.16.3.3}{\376\377\000g\000e\000t\000N\000a\000m\000e}{subsection.7.16.3}% 231
\BOOKMARK [3][-]{subsubsection.7.16.3.4}{\376\377\000g\000e\000t\000V\000a\000l\000u\000e}{subsection.7.16.3}% 232
\BOOKMARK [3][-]{subsubsection.7.16.3.5}{\376\377\000o\000p\000e\000r\000a\000t\000o\000r\000<}{subsection.7.16.3}% 233
\BOOKMARK [3][-]{subsubsection.7.16.3.6}{\376\377\000o\000p\000e\000r\000a\000t\000o\000r\000=}{subsection.7.16.3}% 234
\BOOKMARK [3][-]{subsubsection.7.16.3.7}{\376\377\000s\000e\000t\000V\000a\000l\000u\000e}{subsection.7.16.3}% 235
\BOOKMARK [3][-]{subsubsection.7.16.3.8}{\376\377\000s\000h\000i\000f\000t\000V\000a\000l\000u\000e}{subsection.7.16.3}% 236
\BOOKMARK [3][-]{subsubsection.7.16.3.9}{\376\377\000s\000w\000a\000p}{subsection.7.16.3}% 237
\BOOKMARK [3][-]{subsubsection.7.16.3.10}{\376\377\000s\000w\000a\000p\000V\000a\000l\000u\000e}{subsection.7.16.3}% 238
\BOOKMARK [2][-]{subsection.7.16.4}{\376\377\000F\000r\000i\000e\000n\000d\000s\000\040\000A\000n\000d\000\040\000R\000e\000l\000a\000t\000e\000d\000\040\000F\000u\000n\000c\000t\000i\000o\000n\000\040\000D\000o\000c\000u\000m\000e\000n\000t\000a\000t\000i\000o\000n}{section.7.16}% 239
\BOOKMARK [3][-]{subsubsection.7.16.4.1}{\376\377\000o\000p\000e\000r\000a\000t\000o\000r\000<\000<}{subsection.7.16.4}% 240
\BOOKMARK [2][-]{subsection.7.16.5}{\376\377\000M\000e\000m\000b\000e\000r\000\040\000D\000a\000t\000a\000\040\000D\000o\000c\000u\000m\000e\000n\000t\000a\000t\000i\000o\000n}{section.7.16}% 241
\BOOKMARK [3][-]{subsubsection.7.16.5.1}{\376\377\000f\000u\000l\000l\000N\000a\000m\000e}{subsection.7.16.5}% 242
\BOOKMARK [3][-]{subsubsection.7.16.5.2}{\376\377\000i\000d}{subsection.7.16.5}% 243
\BOOKMARK [3][-]{subsubsection.7.16.5.3}{\376\377\000n\000a\000m\000e}{subsection.7.16.5}% 244
\BOOKMARK [3][-]{subsubsection.7.16.5.4}{\376\377\000n\000u\000m\000b\000e\000r\000V\000a\000r\000i\000a\000b\000l\000e\000s}{subsection.7.16.5}% 245
\BOOKMARK [3][-]{subsubsection.7.16.5.5}{\376\377\000v\000a\000l\000u\000e}{subsection.7.16.5}% 246
\BOOKMARK [1][-]{section.7.17}{\376\377\000g\000h\000o\000s\000t\000:\000:\000W\000a\000l\000l\000i\000n\000C\000o\000n\000s\000t\000r\000a\000i\000n\000t\000\040\000C\000l\000a\000s\000s\000\040\000R\000e\000f\000e\000r\000e\000n\000c\000e}{chapter.7}% 247
\BOOKMARK [2][-]{subsection.7.17.1}{\376\377\000C\000o\000n\000s\000t\000r\000u\000c\000t\000o\000r\000\040\000\046\000\040\000D\000e\000s\000t\000r\000u\000c\000t\000o\000r\000\040\000D\000o\000c\000u\000m\000e\000n\000t\000a\000t\000i\000o\000n}{section.7.17}% 248
\BOOKMARK [3][-]{subsubsection.7.17.1.1}{\376\377\000W\000a\000l\000l\000i\000n\000C\000o\000n\000s\000t\000r\000a\000i\000n\000t}{subsection.7.17.1}% 249
\BOOKMARK [2][-]{subsection.7.17.2}{\376\377\000M\000e\000m\000b\000e\000r\000\040\000F\000u\000n\000c\000t\000i\000o\000n\000\040\000D\000o\000c\000u\000m\000e\000n\000t\000a\000t\000i\000o\000n}{section.7.17}% 250
\BOOKMARK [3][-]{subsubsection.7.17.2.1}{\376\377\000c\000o\000s\000t}{subsection.7.17.2}% 251
\BOOKMARK [3][-]{subsubsection.7.17.2.2}{\376\377\000i\000s\000W\000a\000l\000l}{subsection.7.17.2}% 252
\BOOKMARK [3][-]{subsubsection.7.17.2.3}{\376\377\000s\000i\000m\000u\000l\000a\000t\000e\000C\000o\000s\000t}{subsection.7.17.2}% 253
\BOOKMARK [3][-]{subsubsection.7.17.2.4}{\376\377\000v\000\137\000c\000o\000s\000t}{subsection.7.17.2}% 254
\BOOKMARK [3][-]{subsubsection.7.17.2.5}{\376\377\000v\000\137\000s\000i\000m\000u\000l\000a\000t\000e\000C\000o\000s\000t}{subsection.7.17.2}% 255
\BOOKMARK [1][-]{section.7.18}{\376\377\000g\000h\000o\000s\000t\000:\000:\000W\000a\000l\000l\000i\000n\000D\000o\000m\000a\000i\000n\000\040\000C\000l\000a\000s\000s\000\040\000R\000e\000f\000e\000r\000e\000n\000c\000e}{chapter.7}% 256
\BOOKMARK [2][-]{subsection.7.18.1}{\376\377\000C\000o\000n\000s\000t\000r\000u\000c\000t\000o\000r\000\040\000\046\000\040\000D\000e\000s\000t\000r\000u\000c\000t\000o\000r\000\040\000D\000o\000c\000u\000m\000e\000n\000t\000a\000t\000i\000o\000n}{section.7.18}% 257
\BOOKMARK [3][-]{subsubsection.7.18.1.1}{\376\377\000W\000a\000l\000l\000i\000n\000D\000o\000m\000a\000i\000n}{subsection.7.18.1}% 258
\BOOKMARK [3][-]{subsubsection.7.18.1.2}{\376\377\000W\000a\000l\000l\000i\000n\000D\000o\000m\000a\000i\000n}{subsection.7.18.1}% 259
\BOOKMARK [2][-]{subsection.7.18.2}{\376\377\000M\000e\000m\000b\000e\000r\000\040\000F\000u\000n\000c\000t\000i\000o\000n\000\040\000D\000o\000c\000u\000m\000e\000n\000t\000a\000t\000i\000o\000n}{section.7.18}% 260
\BOOKMARK [3][-]{subsubsection.7.18.2.1}{\376\377\000a\000d\000d}{subsection.7.18.2}% 261
\BOOKMARK [3][-]{subsubsection.7.18.2.2}{\376\377\000a\000d\000d}{subsection.7.18.2}% 262
\BOOKMARK [3][-]{subsubsection.7.18.2.3}{\376\377\000b\000u\000i\000l\000d\000i\000n\000g\000s\000A\000t}{subsection.7.18.2}% 263
\BOOKMARK [3][-]{subsubsection.7.18.2.4}{\376\377\000b\000u\000i\000l\000d\000i\000n\000g\000s\000A\000t}{subsection.7.18.2}% 264
\BOOKMARK [3][-]{subsubsection.7.18.2.5}{\376\377\000b\000u\000i\000l\000d\000i\000n\000g\000s\000A\000t}{subsection.7.18.2}% 265
\BOOKMARK [3][-]{subsubsection.7.18.2.6}{\376\377\000c\000l\000e\000a\000r}{subsection.7.18.2}% 266
\BOOKMARK [3][-]{subsubsection.7.18.2.7}{\376\377\000c\000l\000e\000a\000r}{subsection.7.18.2}% 267
\BOOKMARK [3][-]{subsubsection.7.18.2.8}{\376\377\000c\000o\000u\000n\000t\000A\000r\000o\000u\000n\000d}{subsection.7.18.2}% 268
\BOOKMARK [3][-]{subsubsection.7.18.2.9}{\376\377\000d\000i\000s\000t\000a\000n\000c\000e\000T\000o}{subsection.7.18.2}% 269
\BOOKMARK [3][-]{subsubsection.7.18.2.10}{\376\377\000d\000i\000s\000t\000a\000n\000c\000e\000T\000o}{subsection.7.18.2}% 270
\BOOKMARK [3][-]{subsubsection.7.18.2.11}{\376\377\000d\000i\000s\000t\000a\000n\000c\000e\000T\000o\000T\000a\000r\000g\000e\000t}{subsection.7.18.2}% 271
\BOOKMARK [3][-]{subsubsection.7.18.2.12}{\376\377\000f\000a\000i\000l\000u\000r\000e\000s}{subsection.7.18.2}% 272
\BOOKMARK [3][-]{subsubsection.7.18.2.13}{\376\377\000g\000e\000t\000B\000u\000i\000l\000d\000i\000n\000g\000s\000A\000b\000o\000v\000e}{subsection.7.18.2}% 273
\BOOKMARK [3][-]{subsubsection.7.18.2.14}{\376\377\000g\000e\000t\000B\000u\000i\000l\000d\000i\000n\000g\000s\000A\000r\000o\000u\000n\000d}{subsection.7.18.2}% 274
\BOOKMARK [3][-]{subsubsection.7.18.2.15}{\376\377\000g\000e\000t\000B\000u\000i\000l\000d\000i\000n\000g\000s\000B\000e\000l\000o\000w}{subsection.7.18.2}% 275
\BOOKMARK [3][-]{subsubsection.7.18.2.16}{\376\377\000g\000e\000t\000B\000u\000i\000l\000d\000i\000n\000g\000s\000O\000n\000L\000e\000f\000t}{subsection.7.18.2}% 276
\BOOKMARK [3][-]{subsubsection.7.18.2.17}{\376\377\000g\000e\000t\000B\000u\000i\000l\000d\000i\000n\000g\000s\000O\000n\000R\000i\000g\000h\000t}{subsection.7.18.2}% 277
\BOOKMARK [3][-]{subsubsection.7.18.2.18}{\376\377\000g\000e\000t\000N\000b\000e\000r\000C\000o\000l\000s}{subsection.7.18.2}% 278
\BOOKMARK [3][-]{subsubsection.7.18.2.19}{\376\377\000g\000e\000t\000N\000b\000e\000r\000R\000o\000w\000s}{subsection.7.18.2}% 279
\BOOKMARK [3][-]{subsubsection.7.18.2.20}{\376\377\000g\000e\000t\000S\000t\000a\000r\000t\000i\000n\000g\000T\000i\000l\000e}{subsection.7.18.2}% 280
\BOOKMARK [3][-]{subsubsection.7.18.2.21}{\376\377\000g\000e\000t\000T\000a\000r\000g\000e\000t\000T\000i\000l\000e}{subsection.7.18.2}% 281
\BOOKMARK [3][-]{subsubsection.7.18.2.22}{\376\377\000h\000a\000s\000F\000a\000i\000l\000u\000r\000e}{subsection.7.18.2}% 282
\BOOKMARK [3][-]{subsubsection.7.18.2.23}{\376\377\000i\000s\000N\000e\000i\000g\000h\000t\000b\000o\000r\000O\000f\000S\000T\000T\000B\000u\000i\000l\000d\000i\000n\000g\000s}{subsection.7.18.2}% 283
\BOOKMARK [3][-]{subsubsection.7.18.2.24}{\376\377\000i\000s\000S\000t\000a\000r\000t\000i\000n\000g\000O\000r\000T\000a\000r\000g\000e\000t\000T\000i\000l\000e}{subsection.7.18.2}% 284
\BOOKMARK [3][-]{subsubsection.7.18.2.25}{\376\377\000l\000i\000n\0002\000m\000a\000t}{subsection.7.18.2}% 285
\BOOKMARK [3][-]{subsubsection.7.18.2.26}{\376\377\000m\000a\000t\0002\000l\000i\000n}{subsection.7.18.2}% 286
\BOOKMARK [3][-]{subsubsection.7.18.2.27}{\376\377\000m\000a\000t\0002\000l\000i\000n}{subsection.7.18.2}% 287
\BOOKMARK [3][-]{subsubsection.7.18.2.28}{\376\377\000p\000o\000s\000s\000i\000b\000l\000e\000P\000o\000s}{subsection.7.18.2}% 288
\BOOKMARK [3][-]{subsubsection.7.18.2.29}{\376\377\000q\000u\000i\000c\000k\000S\000h\000i\000f\000t}{subsection.7.18.2}% 289
\BOOKMARK [3][-]{subsubsection.7.18.2.30}{\376\377\000s\000h\000i\000f\000t}{subsection.7.18.2}% 290
\BOOKMARK [3][-]{subsubsection.7.18.2.31}{\376\377\000s\000w\000a\000p}{subsection.7.18.2}% 291
\BOOKMARK [3][-]{subsubsection.7.18.2.32}{\376\377\000u\000n\000b\000u\000i\000l\000d\000a\000b\000l\000e}{subsection.7.18.2}% 292
\BOOKMARK [3][-]{subsubsection.7.18.2.33}{\376\377\000u\000n\000b\000u\000i\000l\000d\000a\000b\000l\000e}{subsection.7.18.2}% 293
\BOOKMARK [2][-]{subsection.7.18.3}{\376\377\000F\000r\000i\000e\000n\000d\000s\000\040\000A\000n\000d\000\040\000R\000e\000l\000a\000t\000e\000d\000\040\000F\000u\000n\000c\000t\000i\000o\000n\000\040\000D\000o\000c\000u\000m\000e\000n\000t\000a\000t\000i\000o\000n}{section.7.18}% 294
\BOOKMARK [3][-]{subsubsection.7.18.3.1}{\376\377\000o\000p\000e\000r\000a\000t\000o\000r\000<\000<}{subsection.7.18.3}% 295
\BOOKMARK [2][-]{subsection.7.18.4}{\376\377\000M\000e\000m\000b\000e\000r\000\040\000D\000a\000t\000a\000\040\000D\000o\000c\000u\000m\000e\000n\000t\000a\000t\000i\000o\000n}{section.7.18}% 296
\BOOKMARK [3][-]{subsubsection.7.18.4.1}{\376\377\000f\000a\000i\000l\000u\000r\000e\000s\000\137}{subsection.7.18.4}% 297
\BOOKMARK [3][-]{subsubsection.7.18.4.2}{\376\377\000m\000a\000t\000r\000i\000x\000I\000d\000\137}{subsection.7.18.4}% 298
\BOOKMARK [3][-]{subsubsection.7.18.4.3}{\376\377\000m\000a\000t\000r\000i\000x\000T\000y\000p\000e\000\137}{subsection.7.18.4}% 299
\BOOKMARK [3][-]{subsubsection.7.18.4.4}{\376\377\000m\000C\000o\000l\000\137}{subsection.7.18.4}% 300
\BOOKMARK [3][-]{subsubsection.7.18.4.5}{\376\377\000n\000R\000o\000w\000\137}{subsection.7.18.4}% 301
\BOOKMARK [3][-]{subsubsection.7.18.4.6}{\376\377\000s\000t\000a\000r\000t\000i\000n\000g\000T\000i\000l\000e}{subsection.7.18.4}% 302
\BOOKMARK [3][-]{subsubsection.7.18.4.7}{\376\377\000t\000a\000r\000g\000e\000t\000T\000i\000l\000e}{subsection.7.18.4}% 303
\BOOKMARK [1][-]{section.7.19}{\376\377\000g\000h\000o\000s\000t\000:\000:\000W\000a\000l\000l\000i\000n\000O\000b\000j\000e\000c\000t\000i\000v\000e\000\040\000C\000l\000a\000s\000s\000\040\000R\000e\000f\000e\000r\000e\000n\000c\000e}{chapter.7}% 304
\BOOKMARK [2][-]{subsection.7.19.1}{\376\377\000C\000o\000n\000s\000t\000r\000u\000c\000t\000o\000r\000\040\000\046\000\040\000D\000e\000s\000t\000r\000u\000c\000t\000o\000r\000\040\000D\000o\000c\000u\000m\000e\000n\000t\000a\000t\000i\000o\000n}{section.7.19}% 305
\BOOKMARK [3][-]{subsubsection.7.19.1.1}{\376\377\000W\000a\000l\000l\000i\000n\000O\000b\000j\000e\000c\000t\000i\000v\000e}{subsection.7.19.1}% 306
\BOOKMARK [2][-]{subsection.7.19.2}{\376\377\000M\000e\000m\000b\000e\000r\000\040\000F\000u\000n\000c\000t\000i\000o\000n\000\040\000D\000o\000c\000u\000m\000e\000n\000t\000a\000t\000i\000o\000n}{section.7.19}% 307
\BOOKMARK [3][-]{subsubsection.7.19.2.1}{\376\377\000v\000\137\000p\000o\000s\000t\000p\000r\000o\000c\000e\000s\000s\000O\000p\000t\000i\000m\000i\000z\000a\000t\000i\000o\000n}{subsection.7.19.2}% 308
\BOOKMARK [3][-]{subsubsection.7.19.2.2}{\376\377\000v\000\137\000p\000o\000s\000t\000p\000r\000o\000c\000e\000s\000s\000S\000a\000t\000i\000s\000f\000a\000c\000t\000i\000o\000n}{subsection.7.19.2}% 309
\BOOKMARK [3][-]{subsubsection.7.19.2.3}{\376\377\000v\000\137\000s\000e\000t\000H\000e\000l\000p\000e\000r}{subsection.7.19.2}% 310
\BOOKMARK [2][-]{subsection.7.19.3}{\376\377\000M\000e\000m\000b\000e\000r\000\040\000D\000a\000t\000a\000\040\000D\000o\000c\000u\000m\000e\000n\000t\000a\000t\000i\000o\000n}{section.7.19}% 311
\BOOKMARK [3][-]{subsubsection.7.19.3.1}{\376\377\000s\000i\000z\000e\000W\000a\000l\000l}{subsection.7.19.3}% 312
\BOOKMARK [0][-]{chapter.8}{\376\377\000F\000i\000l\000e\000\040\000D\000o\000c\000u\000m\000e\000n\000t\000a\000t\000i\000o\000n}{}% 313
\BOOKMARK [1][-]{section.8.1}{\376\377\000d\000o\000c\000/\000m\000a\000i\000n\000p\000a\000g\000e\000.\000d\000o\000x\000\040\000F\000i\000l\000e\000\040\000R\000e\000f\000e\000r\000e\000n\000c\000e}{chapter.8}% 314
\BOOKMARK [1][-]{section.8.2}{\376\377\000i\000n\000c\000l\000u\000d\000e\000/\000c\000o\000n\000s\000t\000r\000a\000i\000n\000t\000s\000/\000c\000o\000n\000s\000t\000r\000a\000i\000n\000t\000.\000h\000p\000p\000\040\000F\000i\000l\000e\000\040\000R\000e\000f\000e\000r\000e\000n\000c\000e}{chapter.8}% 315
\BOOKMARK [1][-]{section.8.3}{\376\377\000i\000n\000c\000l\000u\000d\000e\000/\000c\000o\000n\000s\000t\000r\000a\000i\000n\000t\000s\000/\000w\000a\000l\000l\000i\000n\000C\000o\000n\000s\000t\000r\000a\000i\000n\000t\000.\000h\000p\000p\000\040\000F\000i\000l\000e\000\040\000R\000e\000f\000e\000r\000e\000n\000c\000e}{chapter.8}% 316
\BOOKMARK [1][-]{section.8.4}{\376\377\000i\000n\000c\000l\000u\000d\000e\000/\000d\000o\000m\000a\000i\000n\000s\000/\000d\000o\000m\000a\000i\000n\000.\000h\000p\000p\000\040\000F\000i\000l\000e\000\040\000R\000e\000f\000e\000r\000e\000n\000c\000e}{chapter.8}% 317
\BOOKMARK [1][-]{section.8.5}{\376\377\000i\000n\000c\000l\000u\000d\000e\000/\000d\000o\000m\000a\000i\000n\000s\000/\000w\000a\000l\000l\000i\000n\000D\000o\000m\000a\000i\000n\000.\000h\000p\000p\000\040\000F\000i\000l\000e\000\040\000R\000e\000f\000e\000r\000e\000n\000c\000e}{chapter.8}% 318
\BOOKMARK [1][-]{section.8.6}{\376\377\000i\000n\000c\000l\000u\000d\000e\000/\000m\000i\000s\000c\000/\000c\000o\000n\000s\000t\000a\000n\000t\000s\000.\000h\000p\000p\000\040\000F\000i\000l\000e\000\040\000R\000e\000f\000e\000r\000e\000n\000c\000e}{chapter.8}% 319
\BOOKMARK [2][-]{subsection.8.6.1}{\376\377\000V\000a\000r\000i\000a\000b\000l\000e\000\040\000D\000o\000c\000u\000m\000e\000n\000t\000a\000t\000i\000o\000n}{section.8.6}% 320
\BOOKMARK [3][-]{subsubsection.8.6.1.1}{\376\377\000O\000P\000T\000\137\000T\000I\000M\000E}{subsection.8.6.1}% 321
\BOOKMARK [3][-]{subsubsection.8.6.1.2}{\376\377\000T\000A\000B\000U}{subsection.8.6.1}% 322
\BOOKMARK [1][-]{section.8.7}{\376\377\000i\000n\000c\000l\000u\000d\000e\000/\000m\000i\000s\000c\000/\000r\000a\000c\000e\000s\000.\000h\000p\000p\000\040\000F\000i\000l\000e\000\040\000R\000e\000f\000e\000r\000e\000n\000c\000e}{chapter.8}% 323
\BOOKMARK [1][-]{section.8.8}{\376\377\000i\000n\000c\000l\000u\000d\000e\000/\000m\000i\000s\000c\000/\000r\000a\000n\000d\000o\000m\000.\000h\000p\000p\000\040\000F\000i\000l\000e\000\040\000R\000e\000f\000e\000r\000e\000n\000c\000e}{chapter.8}% 324
\BOOKMARK [1][-]{section.8.9}{\376\377\000i\000n\000c\000l\000u\000d\000e\000/\000m\000i\000s\000c\000/\000w\000a\000l\000l\000i\000n\000P\000r\000o\000t\000o\000s\000s\000.\000h\000p\000p\000\040\000F\000i\000l\000e\000\040\000R\000e\000f\000e\000r\000e\000n\000c\000e}{chapter.8}% 325
\BOOKMARK [1][-]{section.8.10}{\376\377\000i\000n\000c\000l\000u\000d\000e\000/\000m\000i\000s\000c\000/\000w\000a\000l\000l\000i\000n\000T\000e\000r\000r\000a\000n\000.\000h\000p\000p\000\040\000F\000i\000l\000e\000\040\000R\000e\000f\000e\000r\000e\000n\000c\000e}{chapter.8}% 326
\BOOKMARK [1][-]{section.8.11}{\376\377\000i\000n\000c\000l\000u\000d\000e\000/\000o\000b\000j\000e\000c\000t\000i\000v\000e\000s\000/\000o\000b\000j\000e\000c\000t\000i\000v\000e\000.\000h\000p\000p\000\040\000F\000i\000l\000e\000\040\000R\000e\000f\000e\000r\000e\000n\000c\000e}{chapter.8}% 327
\BOOKMARK [1][-]{section.8.12}{\376\377\000i\000n\000c\000l\000u\000d\000e\000/\000o\000b\000j\000e\000c\000t\000i\000v\000e\000s\000/\000w\000a\000l\000l\000i\000n\000O\000b\000j\000e\000c\000t\000i\000v\000e\000.\000h\000p\000p\000\040\000F\000i\000l\000e\000\040\000R\000e\000f\000e\000r\000e\000n\000c\000e}{chapter.8}% 328
\BOOKMARK [1][-]{section.8.13}{\376\377\000i\000n\000c\000l\000u\000d\000e\000/\000s\000o\000l\000v\000e\000r\000.\000h\000p\000p\000\040\000F\000i\000l\000e\000\040\000R\000e\000f\000e\000r\000e\000n\000c\000e}{chapter.8}% 329
\BOOKMARK [1][-]{section.8.14}{\376\377\000i\000n\000c\000l\000u\000d\000e\000/\000v\000a\000r\000i\000a\000b\000l\000e\000s\000/\000b\000u\000i\000l\000d\000i\000n\000g\000.\000h\000p\000p\000\040\000F\000i\000l\000e\000\040\000R\000e\000f\000e\000r\000e\000n\000c\000e}{chapter.8}% 330
\BOOKMARK [1][-]{section.8.15}{\376\377\000i\000n\000c\000l\000u\000d\000e\000/\000v\000a\000r\000i\000a\000b\000l\000e\000s\000/\000v\000a\000r\000i\000a\000b\000l\000e\000.\000h\000p\000p\000\040\000F\000i\000l\000e\000\040\000R\000e\000f\000e\000r\000e\000n\000c\000e}{chapter.8}% 331
\BOOKMARK [1][-]{section.8.16}{\376\377\000s\000r\000c\000/\000c\000o\000n\000s\000t\000r\000a\000i\000n\000t\000s\000/\000w\000a\000l\000l\000i\000n\000C\000o\000n\000s\000t\000r\000a\000i\000n\000t\000.\000c\000p\000p\000\040\000F\000i\000l\000e\000\040\000R\000e\000f\000e\000r\000e\000n\000c\000e}{chapter.8}% 332
\BOOKMARK [1][-]{section.8.17}{\376\377\000s\000r\000c\000/\000d\000o\000m\000a\000i\000n\000s\000/\000w\000a\000l\000l\000i\000n\000D\000o\000m\000a\000i\000n\000.\000c\000p\000p\000\040\000F\000i\000l\000e\000\040\000R\000e\000f\000e\000r\000e\000n\000c\000e}{chapter.8}% 333
\BOOKMARK [1][-]{section.8.18}{\376\377\000s\000r\000c\000/\000m\000a\000i\000n\000.\000c\000p\000p\000\040\000F\000i\000l\000e\000\040\000R\000e\000f\000e\000r\000e\000n\000c\000e}{chapter.8}% 334
\BOOKMARK [2][-]{subsection.8.18.1}{\376\377\000F\000u\000n\000c\000t\000i\000o\000n\000\040\000D\000o\000c\000u\000m\000e\000n\000t\000a\000t\000i\000o\000n}{section.8.18}% 335
\BOOKMARK [3][-]{subsubsection.8.18.1.1}{\376\377\000m\000a\000i\000n}{subsection.8.18.1}% 336
\BOOKMARK [1][-]{section.8.19}{\376\377\000s\000r\000c\000/\000o\000b\000j\000e\000c\000t\000i\000v\000e\000s\000/\000w\000a\000l\000l\000i\000n\000O\000b\000j\000e\000c\000t\000i\000v\000e\000.\000c\000p\000p\000\040\000F\000i\000l\000e\000\040\000R\000e\000f\000e\000r\000e\000n\000c\000e}{chapter.8}% 337
\BOOKMARK [1][-]{section.8.20}{\376\377\000s\000r\000c\000/\000v\000a\000r\000i\000a\000b\000l\000e\000s\000/\000b\000u\000i\000l\000d\000i\000n\000g\000.\000c\000p\000p\000\040\000F\000i\000l\000e\000\040\000R\000e\000f\000e\000r\000e\000n\000c\000e}{chapter.8}% 338
\BOOKMARK [1][-]{section.8.21}{\376\377\000s\000r\000c\000/\000v\000a\000r\000i\000a\000b\000l\000e\000s\000/\000v\000a\000r\000i\000a\000b\000l\000e\000.\000c\000p\000p\000\040\000F\000i\000l\000e\000\040\000R\000e\000f\000e\000r\000e\000n\000c\000e}{chapter.8}% 339
